\BOOKMARK [0][-]{chapter.1}{\376\377\0001\000\040\000T\000o\000d\000o\000\040\000L\000i\000s\000t}{}% 1
\BOOKMARK [0][-]{chapter.2}{\376\377\0002\000\040\000C\000l\000a\000s\000s\000\040\000I\000n\000d\000e\000x}{}% 2
\BOOKMARK [1][-]{section.2.1}{\376\377\0002\000.\0001\000\040\000C\000l\000a\000s\000s\000\040\000L\000i\000s\000t}{chapter.2}% 3
\BOOKMARK [0][-]{chapter.3}{\376\377\0003\000\040\000F\000i\000l\000e\000\040\000I\000n\000d\000e\000x}{}% 4
\BOOKMARK [1][-]{section.3.1}{\376\377\0003\000.\0001\000\040\000F\000i\000l\000e\000\040\000L\000i\000s\000t}{chapter.3}% 5
\BOOKMARK [0][-]{chapter.4}{\376\377\0004\000\040\000C\000l\000a\000s\000s\000\040\000D\000o\000c\000u\000m\000e\000n\000t\000a\000t\000i\000o\000n}{}% 6
\BOOKMARK [1][-]{section.4.1}{\376\377\0004\000.\0001\000\040\000Q\000O\000C\000O\000C\000s\000c\000M\000a\000t\000r\000i\000x\000\040\000S\000t\000r\000u\000c\000t\000\040\000R\000e\000f\000e\000r\000e\000n\000c\000e}{chapter.4}% 7
\BOOKMARK [2][-]{subsection.4.1.1}{\376\377\0004\000.\0001\000.\0001\000\040\000D\000e\000t\000a\000i\000l\000e\000d\000\040\000D\000e\000s\000c\000r\000i\000p\000t\000i\000o\000n}{section.4.1}% 8
\BOOKMARK [2][-]{subsection.4.1.2}{\376\377\0004\000.\0001\000.\0002\000\040\000M\000e\000m\000b\000e\000r\000\040\000D\000a\000t\000a\000\040\000D\000o\000c\000u\000m\000e\000n\000t\000a\000t\000i\000o\000n}{section.4.1}% 9
\BOOKMARK [3][-]{subsubsection.4.1.2.1}{\376\377\0004\000.\0001\000.\0002\000.\0001\000\040\000i}{subsection.4.1.2}% 10
\BOOKMARK [3][-]{subsubsection.4.1.2.2}{\376\377\0004\000.\0001\000.\0002\000.\0002\000\040\000m}{subsection.4.1.2}% 11
\BOOKMARK [3][-]{subsubsection.4.1.2.3}{\376\377\0004\000.\0001\000.\0002\000.\0003\000\040\000n}{subsection.4.1.2}% 12
\BOOKMARK [3][-]{subsubsection.4.1.2.4}{\376\377\0004\000.\0001\000.\0002\000.\0004\000\040\000n\000n\000z}{subsection.4.1.2}% 13
\BOOKMARK [3][-]{subsubsection.4.1.2.5}{\376\377\0004\000.\0001\000.\0002\000.\0005\000\040\000p}{subsection.4.1.2}% 14
\BOOKMARK [3][-]{subsubsection.4.1.2.6}{\376\377\0004\000.\0001\000.\0002\000.\0006\000\040\000x}{subsection.4.1.2}% 15
\BOOKMARK [1][-]{section.4.2}{\376\377\0004\000.\0002\000\040\000Q\000O\000C\000O\000K\000K\000T\000\040\000S\000t\000r\000u\000c\000t\000\040\000R\000e\000f\000e\000r\000e\000n\000c\000e}{chapter.4}% 16
\BOOKMARK [2][-]{subsection.4.2.1}{\376\377\0004\000.\0002\000.\0001\000\040\000D\000e\000t\000a\000i\000l\000e\000d\000\040\000D\000e\000s\000c\000r\000i\000p\000t\000i\000o\000n}{section.4.2}% 17
\BOOKMARK [2][-]{subsection.4.2.2}{\376\377\0004\000.\0002\000.\0002\000\040\000M\000e\000m\000b\000e\000r\000\040\000D\000a\000t\000a\000\040\000D\000o\000c\000u\000m\000e\000n\000t\000a\000t\000i\000o\000n}{section.4.2}% 18
\BOOKMARK [3][-]{subsubsection.4.2.2.1}{\376\377\0004\000.\0002\000.\0002\000.\0001\000\040\000A\000t\000o\000K\000K\000T}{subsection.4.2.2}% 19
\BOOKMARK [3][-]{subsubsection.4.2.2.2}{\376\377\0004\000.\0002\000.\0002\000.\0002\000\040\000b\000w\000o\000r\000k}{subsection.4.2.2}% 20
\BOOKMARK [3][-]{subsubsection.4.2.2.3}{\376\377\0004\000.\0002\000.\0002\000.\0003\000\040\000D}{subsection.4.2.2}% 21
\BOOKMARK [3][-]{subsubsection.4.2.2.4}{\376\377\0004\000.\0002\000.\0002\000.\0004\000\040\000d\000e\000l\000t\000a}{subsection.4.2.2}% 22
\BOOKMARK [3][-]{subsubsection.4.2.2.5}{\376\377\0004\000.\0002\000.\0002\000.\0005\000\040\000D\000i\000n\000v}{subsection.4.2.2}% 23
\BOOKMARK [3][-]{subsubsection.4.2.2.6}{\376\377\0004\000.\0002\000.\0002\000.\0006\000\040\000D\000i\000n\000v\000r\000u\000i\000z}{subsection.4.2.2}% 24
\BOOKMARK [3][-]{subsubsection.4.2.2.7}{\376\377\0004\000.\0002\000.\0002\000.\0007\000\040\000D\000r\000u\000i\000z}{subsection.4.2.2}% 25
\BOOKMARK [3][-]{subsubsection.4.2.2.8}{\376\377\0004\000.\0002\000.\0002\000.\0008\000\040\000E\000i\000n\000v\000r\000u\000i\000z}{subsection.4.2.2}% 26
\BOOKMARK [3][-]{subsubsection.4.2.2.9}{\376\377\0004\000.\0002\000.\0002\000.\0009\000\040\000E\000r\000u\000i\000z}{subsection.4.2.2}% 27
\BOOKMARK [3][-]{subsubsection.4.2.2.10}{\376\377\0004\000.\0002\000.\0002\000.\0001\0000\000\040\000e\000t\000r\000e\000e}{subsection.4.2.2}% 28
\BOOKMARK [3][-]{subsubsection.4.2.2.11}{\376\377\0004\000.\0002\000.\0002\000.\0001\0001\000\040\000F\000i\000n\000v\000r\000u\000i\000z}{subsection.4.2.2}% 29
\BOOKMARK [3][-]{subsubsection.4.2.2.12}{\376\377\0004\000.\0002\000.\0002\000.\0001\0002\000\040\000F\000r\000u\000i\000z}{subsection.4.2.2}% 30
\BOOKMARK [3][-]{subsubsection.4.2.2.13}{\376\377\0004\000.\0002\000.\0002\000.\0001\0003\000\040\000f\000w\000o\000r\000k}{subsection.4.2.2}% 31
\BOOKMARK [3][-]{subsubsection.4.2.2.14}{\376\377\0004\000.\0002\000.\0002\000.\0001\0004\000\040\000G\000t\000o\000K\000K\000T}{subsection.4.2.2}% 32
\BOOKMARK [3][-]{subsubsection.4.2.2.15}{\376\377\0004\000.\0002\000.\0002\000.\0001\0005\000\040\000i\000w\000o\000r\000k}{subsection.4.2.2}% 33
\BOOKMARK [3][-]{subsubsection.4.2.2.16}{\376\377\0004\000.\0002\000.\0002\000.\0001\0006\000\040\000K}{subsection.4.2.2}% 34
\BOOKMARK [3][-]{subsubsection.4.2.2.17}{\376\377\0004\000.\0002\000.\0002\000.\0001\0007\000\040\000k}{subsection.4.2.2}% 35
\BOOKMARK [3][-]{subsubsection.4.2.2.18}{\376\377\0004\000.\0002\000.\0002\000.\0001\0008\000\040\000k\000i\000n\000v}{subsection.4.2.2}% 36
\BOOKMARK [3][-]{subsubsection.4.2.2.19}{\376\377\0004\000.\0002\000.\0002\000.\0001\0009\000\040\000k\000k\000t\000r\000e\000s}{subsection.4.2.2}% 37
\BOOKMARK [3][-]{subsubsection.4.2.2.20}{\376\377\0004\000.\0002\000.\0002\000.\0002\0000\000\040\000L\000i}{subsection.4.2.2}% 38
\BOOKMARK [3][-]{subsubsection.4.2.2.21}{\376\377\0004\000.\0002\000.\0002\000.\0002\0001\000\040\000L\000n\000z}{subsection.4.2.2}% 39
\BOOKMARK [3][-]{subsubsection.4.2.2.22}{\376\377\0004\000.\0002\000.\0002\000.\0002\0002\000\040\000L\000p}{subsection.4.2.2}% 40
\BOOKMARK [3][-]{subsubsection.4.2.2.23}{\376\377\0004\000.\0002\000.\0002\000.\0002\0003\000\040\000L\000x}{subsection.4.2.2}% 41
\BOOKMARK [3][-]{subsubsection.4.2.2.24}{\376\377\0004\000.\0002\000.\0002\000.\0002\0004\000\040\000n\000t\0002\000k\000k\000t}{subsection.4.2.2}% 42
\BOOKMARK [3][-]{subsubsection.4.2.2.25}{\376\377\0004\000.\0002\000.\0002\000.\0002\0005\000\040\000n\000t\000d\000i\000a\000g\0002\000k\000k\000t}{subsection.4.2.2}% 43
\BOOKMARK [3][-]{subsubsection.4.2.2.26}{\376\377\0004\000.\0002\000.\0002\000.\0002\0006\000\040\000p}{subsection.4.2.2}% 44
\BOOKMARK [3][-]{subsubsection.4.2.2.27}{\376\377\0004\000.\0002\000.\0002\000.\0002\0007\000\040\000p\000i\000n\000v}{subsection.4.2.2}% 45
\BOOKMARK [3][-]{subsubsection.4.2.2.28}{\376\377\0004\000.\0002\000.\0002\000.\0002\0008\000\040\000P\000n\000u\000m\000\137\000n\000z\000a\000d\000d\000e\000d}{subsection.4.2.2}% 46
\BOOKMARK [3][-]{subsubsection.4.2.2.29}{\376\377\0004\000.\0002\000.\0002\000.\0002\0009\000\040\000P\000n\000z\000a\000d\000d\000e\000d\000\137\000i\000d\000x}{subsection.4.2.2}% 47
\BOOKMARK [3][-]{subsubsection.4.2.2.30}{\376\377\0004\000.\0002\000.\0002\000.\0003\0000\000\040\000P\000r\000e\000g\000t\000o\000K\000K\000T}{subsection.4.2.2}% 48
\BOOKMARK [3][-]{subsubsection.4.2.2.31}{\376\377\0004\000.\0002\000.\0002\000.\0003\0001\000\040\000r\000h\000s}{subsection.4.2.2}% 49
\BOOKMARK [3][-]{subsubsection.4.2.2.32}{\376\377\0004\000.\0002\000.\0002\000.\0003\0002\000\040\000x\000y\000z}{subsection.4.2.2}% 50
\BOOKMARK [3][-]{subsubsection.4.2.2.33}{\376\377\0004\000.\0002\000.\0002\000.\0003\0003\000\040\000x\000y\000z\000b\000u\000f\000f\0001}{subsection.4.2.2}% 51
\BOOKMARK [3][-]{subsubsection.4.2.2.34}{\376\377\0004\000.\0002\000.\0002\000.\0003\0004\000\040\000x\000y\000z\000b\000u\000f\000f\0002}{subsection.4.2.2}% 52
\BOOKMARK [1][-]{section.4.3}{\376\377\0004\000.\0003\000\040\000Q\000O\000C\000O\000P\000r\000o\000b\000l\000e\000m\000D\000a\000t\000a\000\040\000S\000t\000r\000u\000c\000t\000\040\000R\000e\000f\000e\000r\000e\000n\000c\000e}{chapter.4}% 53
\BOOKMARK [2][-]{subsection.4.3.1}{\376\377\0004\000.\0003\000.\0001\000\040\000D\000e\000t\000a\000i\000l\000e\000d\000\040\000D\000e\000s\000c\000r\000i\000p\000t\000i\000o\000n}{section.4.3}% 54
\BOOKMARK [2][-]{subsection.4.3.2}{\376\377\0004\000.\0003\000.\0002\000\040\000M\000e\000m\000b\000e\000r\000\040\000D\000a\000t\000a\000\040\000D\000o\000c\000u\000m\000e\000n\000t\000a\000t\000i\000o\000n}{section.4.3}% 55
\BOOKMARK [3][-]{subsubsection.4.3.2.1}{\376\377\0004\000.\0003\000.\0002\000.\0001\000\040\000A}{subsection.4.3.2}% 56
\BOOKMARK [3][-]{subsubsection.4.3.2.2}{\376\377\0004\000.\0003\000.\0002\000.\0002\000\040\000A\000t}{subsection.4.3.2}% 57
\BOOKMARK [3][-]{subsubsection.4.3.2.3}{\376\377\0004\000.\0003\000.\0002\000.\0003\000\040\000b}{subsection.4.3.2}% 58
\BOOKMARK [3][-]{subsubsection.4.3.2.4}{\376\377\0004\000.\0003\000.\0002\000.\0004\000\040\000c}{subsection.4.3.2}% 59
\BOOKMARK [3][-]{subsubsection.4.3.2.5}{\376\377\0004\000.\0003\000.\0002\000.\0005\000\040\000G}{subsection.4.3.2}% 60
\BOOKMARK [3][-]{subsubsection.4.3.2.6}{\376\377\0004\000.\0003\000.\0002\000.\0006\000\040\000G\000t}{subsection.4.3.2}% 61
\BOOKMARK [3][-]{subsubsection.4.3.2.7}{\376\377\0004\000.\0003\000.\0002\000.\0007\000\040\000h}{subsection.4.3.2}% 62
\BOOKMARK [3][-]{subsubsection.4.3.2.8}{\376\377\0004\000.\0003\000.\0002\000.\0008\000\040\000l}{subsection.4.3.2}% 63
\BOOKMARK [3][-]{subsubsection.4.3.2.9}{\376\377\0004\000.\0003\000.\0002\000.\0009\000\040\000m}{subsection.4.3.2}% 64
\BOOKMARK [3][-]{subsubsection.4.3.2.10}{\376\377\0004\000.\0003\000.\0002\000.\0001\0000\000\040\000n}{subsection.4.3.2}% 65
\BOOKMARK [3][-]{subsubsection.4.3.2.11}{\376\377\0004\000.\0003\000.\0002\000.\0001\0001\000\040\000n\000s\000o\000c}{subsection.4.3.2}% 66
\BOOKMARK [3][-]{subsubsection.4.3.2.12}{\376\377\0004\000.\0003\000.\0002\000.\0001\0002\000\040\000P}{subsection.4.3.2}% 67
\BOOKMARK [3][-]{subsubsection.4.3.2.13}{\376\377\0004\000.\0003\000.\0002\000.\0001\0003\000\040\000p}{subsection.4.3.2}% 68
\BOOKMARK [3][-]{subsubsection.4.3.2.14}{\376\377\0004\000.\0003\000.\0002\000.\0001\0004\000\040\000q}{subsection.4.3.2}% 69
\BOOKMARK [1][-]{section.4.4}{\376\377\0004\000.\0004\000\040\000Q\000O\000C\000O\000S\000e\000t\000t\000i\000n\000g\000s\000\040\000S\000t\000r\000u\000c\000t\000\040\000R\000e\000f\000e\000r\000e\000n\000c\000e}{chapter.4}% 70
\BOOKMARK [2][-]{subsection.4.4.1}{\376\377\0004\000.\0004\000.\0001\000\040\000D\000e\000t\000a\000i\000l\000e\000d\000\040\000D\000e\000s\000c\000r\000i\000p\000t\000i\000o\000n}{section.4.4}% 71
\BOOKMARK [2][-]{subsection.4.4.2}{\376\377\0004\000.\0004\000.\0002\000\040\000M\000e\000m\000b\000e\000r\000\040\000D\000a\000t\000a\000\040\000D\000o\000c\000u\000m\000e\000n\000t\000a\000t\000i\000o\000n}{section.4.4}% 72
\BOOKMARK [3][-]{subsubsection.4.4.2.1}{\376\377\0004\000.\0004\000.\0002\000.\0001\000\040\000a\000b\000s\000t\000o\000l}{subsection.4.4.2}% 73
\BOOKMARK [3][-]{subsubsection.4.4.2.2}{\376\377\0004\000.\0004\000.\0002\000.\0002\000\040\000a\000b\000s\000t\000o\000l\000\137\000i\000n\000a\000c\000c}{subsection.4.4.2}% 74
\BOOKMARK [3][-]{subsubsection.4.4.2.3}{\376\377\0004\000.\0004\000.\0002\000.\0003\000\040\000b\000i\000s\000e\000c\000t\000\137\000i\000t\000e\000r\000s}{subsection.4.4.2}% 75
\BOOKMARK [3][-]{subsubsection.4.4.2.4}{\376\377\0004\000.\0004\000.\0002\000.\0004\000\040\000i\000t\000e\000r\000\137\000r\000e\000f\000\137\000i\000t\000e\000r\000s}{subsection.4.4.2}% 76
\BOOKMARK [3][-]{subsubsection.4.4.2.5}{\376\377\0004\000.\0004\000.\0002\000.\0005\000\040\000k\000k\000t\000\137\000d\000y\000n\000a\000m\000i\000c\000\137\000r\000e\000g}{subsection.4.4.2}% 77
\BOOKMARK [3][-]{subsubsection.4.4.2.6}{\376\377\0004\000.\0004\000.\0002\000.\0006\000\040\000k\000k\000t\000\137\000s\000t\000a\000t\000i\000c\000\137\000r\000e\000g}{subsection.4.4.2}% 78
\BOOKMARK [3][-]{subsubsection.4.4.2.7}{\376\377\0004\000.\0004\000.\0002\000.\0007\000\040\000m\000a\000x\000\137\000i\000t\000e\000r\000s}{subsection.4.4.2}% 79
\BOOKMARK [3][-]{subsubsection.4.4.2.8}{\376\377\0004\000.\0004\000.\0002\000.\0008\000\040\000r\000e\000l\000t\000o\000l}{subsection.4.4.2}% 80
\BOOKMARK [3][-]{subsubsection.4.4.2.9}{\376\377\0004\000.\0004\000.\0002\000.\0009\000\040\000r\000e\000l\000t\000o\000l\000\137\000i\000n\000a\000c\000c}{subsection.4.4.2}% 81
\BOOKMARK [3][-]{subsubsection.4.4.2.10}{\376\377\0004\000.\0004\000.\0002\000.\0001\0000\000\040\000r\000u\000i\000z\000\137\000i\000t\000e\000r\000s}{subsection.4.4.2}% 82
\BOOKMARK [3][-]{subsubsection.4.4.2.11}{\376\377\0004\000.\0004\000.\0002\000.\0001\0001\000\040\000v\000e\000r\000b\000o\000s\000e}{subsection.4.4.2}% 83
\BOOKMARK [1][-]{section.4.5}{\376\377\0004\000.\0005\000\040\000Q\000O\000C\000O\000S\000o\000l\000u\000t\000i\000o\000n\000\040\000S\000t\000r\000u\000c\000t\000\040\000R\000e\000f\000e\000r\000e\000n\000c\000e}{chapter.4}% 84
\BOOKMARK [2][-]{subsection.4.5.1}{\376\377\0004\000.\0005\000.\0001\000\040\000M\000e\000m\000b\000e\000r\000\040\000D\000a\000t\000a\000\040\000D\000o\000c\000u\000m\000e\000n\000t\000a\000t\000i\000o\000n}{section.4.5}% 85
\BOOKMARK [3][-]{subsubsection.4.5.1.1}{\376\377\0004\000.\0005\000.\0001\000.\0001\000\040\000d\000r\000e\000s}{subsection.4.5.1}% 86
\BOOKMARK [3][-]{subsubsection.4.5.1.2}{\376\377\0004\000.\0005\000.\0001\000.\0002\000\040\000g\000a\000p}{subsection.4.5.1}% 87
\BOOKMARK [3][-]{subsubsection.4.5.1.3}{\376\377\0004\000.\0005\000.\0001\000.\0003\000\040\000i\000t\000e\000r\000s}{subsection.4.5.1}% 88
\BOOKMARK [3][-]{subsubsection.4.5.1.4}{\376\377\0004\000.\0005\000.\0001\000.\0004\000\040\000o\000b\000j}{subsection.4.5.1}% 89
\BOOKMARK [3][-]{subsubsection.4.5.1.5}{\376\377\0004\000.\0005\000.\0001\000.\0005\000\040\000p\000r\000e\000s}{subsection.4.5.1}% 90
\BOOKMARK [3][-]{subsubsection.4.5.1.6}{\376\377\0004\000.\0005\000.\0001\000.\0006\000\040\000s}{subsection.4.5.1}% 91
\BOOKMARK [3][-]{subsubsection.4.5.1.7}{\376\377\0004\000.\0005\000.\0001\000.\0007\000\040\000s\000e\000t\000u\000p\000\137\000t\000i\000m\000e\000\137\000s\000e\000c}{subsection.4.5.1}% 92
\BOOKMARK [3][-]{subsubsection.4.5.1.8}{\376\377\0004\000.\0005\000.\0001\000.\0008\000\040\000s\000o\000l\000v\000e\000\137\000t\000i\000m\000e\000\137\000s\000e\000c}{subsection.4.5.1}% 93
\BOOKMARK [3][-]{subsubsection.4.5.1.9}{\376\377\0004\000.\0005\000.\0001\000.\0009\000\040\000s\000t\000a\000t\000u\000s}{subsection.4.5.1}% 94
\BOOKMARK [3][-]{subsubsection.4.5.1.10}{\376\377\0004\000.\0005\000.\0001\000.\0001\0000\000\040\000x}{subsection.4.5.1}% 95
\BOOKMARK [3][-]{subsubsection.4.5.1.11}{\376\377\0004\000.\0005\000.\0001\000.\0001\0001\000\040\000y}{subsection.4.5.1}% 96
\BOOKMARK [3][-]{subsubsection.4.5.1.12}{\376\377\0004\000.\0005\000.\0001\000.\0001\0002\000\040\000z}{subsection.4.5.1}% 97
\BOOKMARK [1][-]{section.4.6}{\376\377\0004\000.\0006\000\040\000Q\000O\000C\000O\000S\000o\000l\000v\000e\000r\000\040\000S\000t\000r\000u\000c\000t\000\040\000R\000e\000f\000e\000r\000e\000n\000c\000e}{chapter.4}% 98
\BOOKMARK [2][-]{subsection.4.6.1}{\376\377\0004\000.\0006\000.\0001\000\040\000D\000e\000t\000a\000i\000l\000e\000d\000\040\000D\000e\000s\000c\000r\000i\000p\000t\000i\000o\000n}{section.4.6}% 99
\BOOKMARK [2][-]{subsection.4.6.2}{\376\377\0004\000.\0006\000.\0002\000\040\000M\000e\000m\000b\000e\000r\000\040\000D\000a\000t\000a\000\040\000D\000o\000c\000u\000m\000e\000n\000t\000a\000t\000i\000o\000n}{section.4.6}% 100
\BOOKMARK [3][-]{subsubsection.4.6.2.1}{\376\377\0004\000.\0006\000.\0002\000.\0001\000\040\000s\000e\000t\000t\000i\000n\000g\000s}{subsection.4.6.2}% 101
\BOOKMARK [3][-]{subsubsection.4.6.2.2}{\376\377\0004\000.\0006\000.\0002\000.\0002\000\040\000s\000o\000l}{subsection.4.6.2}% 102
\BOOKMARK [3][-]{subsubsection.4.6.2.3}{\376\377\0004\000.\0006\000.\0002\000.\0003\000\040\000w\000o\000r\000k}{subsection.4.6.2}% 103
\BOOKMARK [1][-]{section.4.7}{\376\377\0004\000.\0007\000\040\000Q\000O\000C\000O\000W\000o\000r\000k\000s\000p\000a\000c\000e\000\040\000S\000t\000r\000u\000c\000t\000\040\000R\000e\000f\000e\000r\000e\000n\000c\000e}{chapter.4}% 104
\BOOKMARK [2][-]{subsection.4.7.1}{\376\377\0004\000.\0007\000.\0001\000\040\000D\000e\000t\000a\000i\000l\000e\000d\000\040\000D\000e\000s\000c\000r\000i\000p\000t\000i\000o\000n}{section.4.7}% 105
\BOOKMARK [2][-]{subsection.4.7.2}{\376\377\0004\000.\0007\000.\0002\000\040\000M\000e\000m\000b\000e\000r\000\040\000D\000a\000t\000a\000\040\000D\000o\000c\000u\000m\000e\000n\000t\000a\000t\000i\000o\000n}{section.4.7}% 106
\BOOKMARK [3][-]{subsubsection.4.7.2.1}{\376\377\0004\000.\0007\000.\0002\000.\0001\000\040\000a}{subsection.4.7.2}% 107
\BOOKMARK [3][-]{subsubsection.4.7.2.2}{\376\377\0004\000.\0007\000.\0002\000.\0002\000\040\000d\000a\000t\000a}{subsection.4.7.2}% 108
\BOOKMARK [3][-]{subsubsection.4.7.2.3}{\376\377\0004\000.\0007\000.\0002\000.\0003\000\040\000D\000s}{subsection.4.7.2}% 109
\BOOKMARK [3][-]{subsubsection.4.7.2.4}{\376\377\0004\000.\0007\000.\0002\000.\0004\000\040\000k\000k\000t}{subsection.4.7.2}% 110
\BOOKMARK [3][-]{subsubsection.4.7.2.5}{\376\377\0004\000.\0007\000.\0002\000.\0005\000\040\000l\000a\000m\000b\000d\000a}{subsection.4.7.2}% 111
\BOOKMARK [3][-]{subsubsection.4.7.2.6}{\376\377\0004\000.\0007\000.\0002\000.\0006\000\040\000m\000u}{subsection.4.7.2}% 112
\BOOKMARK [3][-]{subsubsection.4.7.2.7}{\376\377\0004\000.\0007\000.\0002\000.\0007\000\040\000s}{subsection.4.7.2}% 113
\BOOKMARK [3][-]{subsubsection.4.7.2.8}{\376\377\0004\000.\0007\000.\0002\000.\0008\000\040\000s\000b\000a\000r}{subsection.4.7.2}% 114
\BOOKMARK [3][-]{subsubsection.4.7.2.9}{\376\377\0004\000.\0007\000.\0002\000.\0009\000\040\000s\000i\000g\000m\000a}{subsection.4.7.2}% 115
\BOOKMARK [3][-]{subsubsection.4.7.2.10}{\376\377\0004\000.\0007\000.\0002\000.\0001\0000\000\040\000s\000o\000l\000v\000e\000\137\000t\000i\000m\000e\000r}{subsection.4.7.2}% 116
\BOOKMARK [3][-]{subsubsection.4.7.2.11}{\376\377\0004\000.\0007\000.\0002\000.\0001\0001\000\040\000u\000b\000u\000f\000f\0001}{subsection.4.7.2}% 117
\BOOKMARK [3][-]{subsubsection.4.7.2.12}{\376\377\0004\000.\0007\000.\0002\000.\0001\0002\000\040\000u\000b\000u\000f\000f\0002}{subsection.4.7.2}% 118
\BOOKMARK [3][-]{subsubsection.4.7.2.13}{\376\377\0004\000.\0007\000.\0002\000.\0001\0003\000\040\000u\000b\000u\000f\000f\0003}{subsection.4.7.2}% 119
\BOOKMARK [3][-]{subsubsection.4.7.2.14}{\376\377\0004\000.\0007\000.\0002\000.\0001\0004\000\040\000W}{subsection.4.7.2}% 120
\BOOKMARK [3][-]{subsubsection.4.7.2.15}{\376\377\0004\000.\0007\000.\0002\000.\0001\0005\000\040\000W\000f\000u\000l\000l}{subsection.4.7.2}% 121
\BOOKMARK [3][-]{subsubsection.4.7.2.16}{\376\377\0004\000.\0007\000.\0002\000.\0001\0006\000\040\000W\000i\000n\000v}{subsection.4.7.2}% 122
\BOOKMARK [3][-]{subsubsection.4.7.2.17}{\376\377\0004\000.\0007\000.\0002\000.\0001\0007\000\040\000W\000i\000n\000v\000f\000u\000l\000l}{subsection.4.7.2}% 123
\BOOKMARK [3][-]{subsubsection.4.7.2.18}{\376\377\0004\000.\0007\000.\0002\000.\0001\0008\000\040\000W\000n\000n\000z}{subsection.4.7.2}% 124
\BOOKMARK [3][-]{subsubsection.4.7.2.19}{\376\377\0004\000.\0007\000.\0002\000.\0001\0009\000\040\000W\000n\000n\000z\000f\000u\000l\000l}{subsection.4.7.2}% 125
\BOOKMARK [3][-]{subsubsection.4.7.2.20}{\376\377\0004\000.\0007\000.\0002\000.\0002\0000\000\040\000W\000t\000W}{subsection.4.7.2}% 126
\BOOKMARK [3][-]{subsubsection.4.7.2.21}{\376\377\0004\000.\0007\000.\0002\000.\0002\0001\000\040\000x}{subsection.4.7.2}% 127
\BOOKMARK [3][-]{subsubsection.4.7.2.22}{\376\377\0004\000.\0007\000.\0002\000.\0002\0002\000\040\000x\000b\000u\000f\000f}{subsection.4.7.2}% 128
\BOOKMARK [3][-]{subsubsection.4.7.2.23}{\376\377\0004\000.\0007\000.\0002\000.\0002\0003\000\040\000y}{subsection.4.7.2}% 129
\BOOKMARK [3][-]{subsubsection.4.7.2.24}{\376\377\0004\000.\0007\000.\0002\000.\0002\0004\000\040\000y\000b\000u\000f\000f}{subsection.4.7.2}% 130
\BOOKMARK [3][-]{subsubsection.4.7.2.25}{\376\377\0004\000.\0007\000.\0002\000.\0002\0005\000\040\000z}{subsection.4.7.2}% 131
\BOOKMARK [3][-]{subsubsection.4.7.2.26}{\376\377\0004\000.\0007\000.\0002\000.\0002\0006\000\040\000z\000b\000a\000r}{subsection.4.7.2}% 132
\BOOKMARK [0][-]{chapter.5}{\376\377\0005\000\040\000F\000i\000l\000e\000\040\000D\000o\000c\000u\000m\000e\000n\000t\000a\000t\000i\000o\000n}{}% 133
\BOOKMARK [1][-]{section.5.1}{\376\377\0005\000.\0001\000\040\000/\000h\000o\000m\000e\000/\000g\000o\000v\000i\000n\000d\000/\000D\000e\000s\000k\000t\000o\000p\000/\000g\000i\000t\000/\000q\000o\000c\000o\000/\000i\000n\000c\000l\000u\000d\000e\000/\000c\000o\000n\000e\000.\000h\000\040\000F\000i\000l\000e\000\040\000R\000e\000f\000e\000r\000e\000n\000c\000e}{chapter.5}% 134
\BOOKMARK [2][-]{subsection.5.1.1}{\376\377\0005\000.\0001\000.\0001\000\040\000D\000e\000t\000a\000i\000l\000e\000d\000\040\000D\000e\000s\000c\000r\000i\000p\000t\000i\000o\000n}{section.5.1}% 135
\BOOKMARK [2][-]{subsection.5.1.2}{\376\377\0005\000.\0001\000.\0002\000\040\000L\000I\000C\000E\000N\000S\000E}{section.5.1}% 136
\BOOKMARK [2][-]{subsection.5.1.3}{\376\377\0005\000.\0001\000.\0003\000\040\000D\000E\000S\000C\000R\000I\000P\000T\000I\000O\000N}{section.5.1}% 137
\BOOKMARK [2][-]{subsection.5.1.4}{\376\377\0005\000.\0001\000.\0004\000\040\000F\000u\000n\000c\000t\000i\000o\000n\000\040\000D\000o\000c\000u\000m\000e\000n\000t\000a\000t\000i\000o\000n}{section.5.1}% 138
\BOOKMARK [3][-]{subsubsection.5.1.4.1}{\376\377\0005\000.\0001\000.\0004\000.\0001\000\040\000b\000i\000s\000e\000c\000t\000i\000o\000n\000\137\000s\000e\000a\000r\000c\000h\000\050\000\051}{subsection.5.1.4}% 139
\BOOKMARK [3][-]{subsubsection.5.1.4.2}{\376\377\0005\000.\0001\000.\0004\000.\0002\000\040\000b\000r\000i\000n\000g\0002\000c\000o\000n\000e\000\050\000\051}{subsection.5.1.4}% 140
\BOOKMARK [3][-]{subsubsection.5.1.4.3}{\376\377\0005\000.\0001\000.\0004\000.\0003\000\040\000c\000o\000m\000p\000u\000t\000e\000\137\000c\000e\000n\000t\000e\000r\000i\000n\000g\000\050\000\051}{subsection.5.1.4}% 141
\BOOKMARK [3][-]{subsubsection.5.1.4.4}{\376\377\0005\000.\0001\000.\0004\000.\0004\000\040\000c\000o\000m\000p\000u\000t\000e\000\137\000m\000u\000\050\000\051}{subsection.5.1.4}% 142
\BOOKMARK [3][-]{subsubsection.5.1.4.5}{\376\377\0005\000.\0001\000.\0004\000.\0005\000\040\000c\000o\000m\000p\000u\000t\000e\000\137\000n\000t\000\137\000s\000c\000a\000l\000i\000n\000g\000\050\000\051}{subsection.5.1.4}% 143
\BOOKMARK [3][-]{subsubsection.5.1.4.6}{\376\377\0005\000.\0001\000.\0004\000.\0006\000\040\000c\000o\000n\000e\000\137\000d\000i\000v\000i\000s\000i\000o\000n\000\050\000\051}{subsection.5.1.4}% 144
\BOOKMARK [3][-]{subsubsection.5.1.4.7}{\376\377\0005\000.\0001\000.\0004\000.\0007\000\040\000c\000o\000n\000e\000\137\000p\000r\000o\000d\000u\000c\000t\000\050\000\051}{subsection.5.1.4}% 145
\BOOKMARK [3][-]{subsubsection.5.1.4.8}{\376\377\0005\000.\0001\000.\0004\000.\0008\000\040\000c\000o\000n\000e\000\137\000r\000e\000s\000i\000d\000u\000a\000l\000\050\000\051}{subsection.5.1.4}% 146
\BOOKMARK [3][-]{subsubsection.5.1.4.9}{\376\377\0005\000.\0001\000.\0004\000.\0009\000\040\000e\000x\000a\000c\000t\000\137\000l\000i\000n\000e\000s\000e\000a\000r\000c\000h\000\050\000\051}{subsection.5.1.4}% 147
\BOOKMARK [3][-]{subsubsection.5.1.4.10}{\376\377\0005\000.\0001\000.\0004\000.\0001\0000\000\040\000l\000i\000n\000e\000s\000e\000a\000r\000c\000h\000\050\000\051}{subsection.5.1.4}% 148
\BOOKMARK [3][-]{subsubsection.5.1.4.11}{\376\377\0005\000.\0001\000.\0004\000.\0001\0001\000\040\000n\000t\000\137\000m\000u\000l\000t\000i\000p\000l\000y\000\050\000\051}{subsection.5.1.4}% 149
\BOOKMARK [3][-]{subsubsection.5.1.4.12}{\376\377\0005\000.\0001\000.\0004\000.\0001\0002\000\040\000s\000o\000c\000\137\000d\000i\000v\000i\000s\000i\000o\000n\000\050\000\051}{subsection.5.1.4}% 150
\BOOKMARK [3][-]{subsubsection.5.1.4.13}{\376\377\0005\000.\0001\000.\0004\000.\0001\0003\000\040\000s\000o\000c\000\137\000p\000r\000o\000d\000u\000c\000t\000\050\000\051}{subsection.5.1.4}% 151
\BOOKMARK [3][-]{subsubsection.5.1.4.14}{\376\377\0005\000.\0001\000.\0004\000.\0001\0004\000\040\000s\000o\000c\000\137\000r\000e\000s\000i\000d\000u\000a\000l\000\050\000\051}{subsection.5.1.4}% 152
\BOOKMARK [3][-]{subsubsection.5.1.4.15}{\376\377\0005\000.\0001\000.\0004\000.\0001\0005\000\040\000s\000o\000c\000\137\000r\000e\000s\000i\000d\000u\000a\000l\0002\000\050\000\051}{subsection.5.1.4}% 153
\BOOKMARK [1][-]{section.5.2}{\376\377\0005\000.\0002\000\040\000/\000h\000o\000m\000e\000/\000g\000o\000v\000i\000n\000d\000/\000D\000e\000s\000k\000t\000o\000p\000/\000g\000i\000t\000/\000q\000o\000c\000o\000/\000i\000n\000c\000l\000u\000d\000e\000/\000d\000e\000f\000i\000n\000i\000t\000i\000o\000n\000s\000.\000h\000\040\000F\000i\000l\000e\000\040\000R\000e\000f\000e\000r\000e\000n\000c\000e}{chapter.5}% 154
\BOOKMARK [2][-]{subsection.5.2.1}{\376\377\0005\000.\0002\000.\0001\000\040\000D\000e\000t\000a\000i\000l\000e\000d\000\040\000D\000e\000s\000c\000r\000i\000p\000t\000i\000o\000n}{section.5.2}% 155
\BOOKMARK [2][-]{subsection.5.2.2}{\376\377\0005\000.\0002\000.\0002\000\040\000L\000I\000C\000E\000N\000S\000E}{section.5.2}% 156
\BOOKMARK [2][-]{subsection.5.2.3}{\376\377\0005\000.\0002\000.\0003\000\040\000D\000E\000S\000C\000R\000I\000P\000T\000I\000O\000N}{section.5.2}% 157
\BOOKMARK [2][-]{subsection.5.2.4}{\376\377\0005\000.\0002\000.\0004\000\040\000M\000a\000c\000r\000o\000\040\000D\000e\000f\000i\000n\000i\000t\000i\000o\000n\000\040\000D\000o\000c\000u\000m\000e\000n\000t\000a\000t\000i\000o\000n}{section.5.2}% 158
\BOOKMARK [3][-]{subsubsection.5.2.4.1}{\376\377\0005\000.\0002\000.\0004\000.\0001\000\040\000q\000o\000c\000o\000\137\000a\000b\000s}{subsection.5.2.4}% 159
\BOOKMARK [3][-]{subsubsection.5.2.4.2}{\376\377\0005\000.\0002\000.\0004\000.\0002\000\040\000q\000o\000c\000o\000\137\000a\000s\000s\000e\000r\000t}{subsection.5.2.4}% 160
\BOOKMARK [3][-]{subsubsection.5.2.4.3}{\376\377\0005\000.\0002\000.\0004\000.\0003\000\040\000q\000o\000c\000o\000\137\000c\000a\000l\000l\000o\000c}{subsection.5.2.4}% 161
\BOOKMARK [3][-]{subsubsection.5.2.4.4}{\376\377\0005\000.\0002\000.\0004\000.\0004\000\040\000q\000o\000c\000o\000\137\000f\000r\000e\000e}{subsection.5.2.4}% 162
\BOOKMARK [3][-]{subsubsection.5.2.4.5}{\376\377\0005\000.\0002\000.\0004\000.\0005\000\040\000q\000o\000c\000o\000\137\000m\000a\000l\000l\000o\000c}{subsection.5.2.4}% 163
\BOOKMARK [3][-]{subsubsection.5.2.4.6}{\376\377\0005\000.\0002\000.\0004\000.\0006\000\040\000q\000o\000c\000o\000\137\000m\000a\000x}{subsection.5.2.4}% 164
\BOOKMARK [3][-]{subsubsection.5.2.4.7}{\376\377\0005\000.\0002\000.\0004\000.\0007\000\040\000q\000o\000c\000o\000\137\000m\000i\000n}{subsection.5.2.4}% 165
\BOOKMARK [3][-]{subsubsection.5.2.4.8}{\376\377\0005\000.\0002\000.\0004\000.\0008\000\040\000q\000o\000c\000o\000\137\000s\000q\000r\000t}{subsection.5.2.4}% 166
\BOOKMARK [3][-]{subsubsection.5.2.4.9}{\376\377\0005\000.\0002\000.\0004\000.\0009\000\040\000Q\000O\000C\000O\000F\000l\000o\000a\000t\000\137\000M\000A\000X}{subsection.5.2.4}% 167
\BOOKMARK [3][-]{subsubsection.5.2.4.10}{\376\377\0005\000.\0002\000.\0004\000.\0001\0000\000\040\000Q\000O\000C\000O\000I\000n\000t\000\137\000M\000A\000X}{subsection.5.2.4}% 168
\BOOKMARK [3][-]{subsubsection.5.2.4.11}{\376\377\0005\000.\0002\000.\0004\000.\0001\0001\000\040\000s\000a\000f\000e\000\137\000d\000i\000v}{subsection.5.2.4}% 169
\BOOKMARK [2][-]{subsection.5.2.5}{\376\377\0005\000.\0002\000.\0005\000\040\000T\000y\000p\000e\000d\000e\000f\000\040\000D\000o\000c\000u\000m\000e\000n\000t\000a\000t\000i\000o\000n}{section.5.2}% 170
\BOOKMARK [3][-]{subsubsection.5.2.5.1}{\376\377\0005\000.\0002\000.\0005\000.\0001\000\040\000Q\000O\000C\000O\000F\000l\000o\000a\000t}{subsection.5.2.5}% 171
\BOOKMARK [3][-]{subsubsection.5.2.5.2}{\376\377\0005\000.\0002\000.\0005\000.\0002\000\040\000Q\000O\000C\000O\000I\000n\000t}{subsection.5.2.5}% 172
\BOOKMARK [1][-]{section.5.3}{\376\377\0005\000.\0003\000\040\000/\000h\000o\000m\000e\000/\000g\000o\000v\000i\000n\000d\000/\000D\000e\000s\000k\000t\000o\000p\000/\000g\000i\000t\000/\000q\000o\000c\000o\000/\000i\000n\000c\000l\000u\000d\000e\000/\000e\000n\000u\000m\000s\000.\000h\000\040\000F\000i\000l\000e\000\040\000R\000e\000f\000e\000r\000e\000n\000c\000e}{chapter.5}% 173
\BOOKMARK [2][-]{subsection.5.3.1}{\376\377\0005\000.\0003\000.\0001\000\040\000E\000n\000u\000m\000e\000r\000a\000t\000i\000o\000n\000\040\000T\000y\000p\000e\000\040\000D\000o\000c\000u\000m\000e\000n\000t\000a\000t\000i\000o\000n}{section.5.3}% 174
\BOOKMARK [3][-]{subsubsection.5.3.1.1}{\376\377\0005\000.\0003\000.\0001\000.\0001\000\040\000q\000o\000c\000o\000\137\000e\000r\000r\000o\000r\000\137\000c\000o\000d\000e}{subsection.5.3.1}% 175
\BOOKMARK [3][-]{subsubsection.5.3.1.2}{\376\377\0005\000.\0003\000.\0001\000.\0002\000\040\000q\000o\000c\000o\000\137\000s\000o\000l\000v\000e\000\137\000s\000t\000a\000t\000u\000s}{subsection.5.3.1}% 176
\BOOKMARK [1][-]{section.5.4}{\376\377\0005\000.\0004\000\040\000/\000h\000o\000m\000e\000/\000g\000o\000v\000i\000n\000d\000/\000D\000e\000s\000k\000t\000o\000p\000/\000g\000i\000t\000/\000q\000o\000c\000o\000/\000i\000n\000c\000l\000u\000d\000e\000/\000e\000q\000u\000i\000l\000i\000b\000r\000a\000t\000i\000o\000n\000.\000h\000\040\000F\000i\000l\000e\000\040\000R\000e\000f\000e\000r\000e\000n\000c\000e}{chapter.5}% 177
\BOOKMARK [2][-]{subsection.5.4.1}{\376\377\0005\000.\0004\000.\0001\000\040\000D\000e\000t\000a\000i\000l\000e\000d\000\040\000D\000e\000s\000c\000r\000i\000p\000t\000i\000o\000n}{section.5.4}% 178
\BOOKMARK [2][-]{subsection.5.4.2}{\376\377\0005\000.\0004\000.\0002\000\040\000L\000I\000C\000E\000N\000S\000E}{section.5.4}% 179
\BOOKMARK [2][-]{subsection.5.4.3}{\376\377\0005\000.\0004\000.\0003\000\040\000D\000E\000S\000C\000R\000I\000P\000T\000I\000O\000N}{section.5.4}% 180
\BOOKMARK [2][-]{subsection.5.4.4}{\376\377\0005\000.\0004\000.\0004\000\040\000F\000u\000n\000c\000t\000i\000o\000n\000\040\000D\000o\000c\000u\000m\000e\000n\000t\000a\000t\000i\000o\000n}{section.5.4}% 181
\BOOKMARK [3][-]{subsubsection.5.4.4.1}{\376\377\0005\000.\0004\000.\0004\000.\0001\000\040\000r\000u\000i\000z\000\137\000e\000q\000u\000i\000l\000i\000b\000r\000a\000t\000i\000o\000n\000\050\000\051}{subsection.5.4.4}% 182
\BOOKMARK [3][-]{subsubsection.5.4.4.2}{\376\377\0005\000.\0004\000.\0004\000.\0002\000\040\000u\000n\000s\000c\000a\000l\000e\000\137\000v\000a\000r\000i\000a\000b\000l\000e\000s\000\050\000\051}{subsection.5.4.4}% 183
\BOOKMARK [1][-]{section.5.5}{\376\377\0005\000.\0005\000\040\000/\000h\000o\000m\000e\000/\000g\000o\000v\000i\000n\000d\000/\000D\000e\000s\000k\000t\000o\000p\000/\000g\000i\000t\000/\000q\000o\000c\000o\000/\000i\000n\000c\000l\000u\000d\000e\000/\000i\000n\000p\000u\000t\000\137\000v\000a\000l\000i\000d\000a\000t\000i\000o\000n\000.\000h\000\040\000F\000i\000l\000e\000\040\000R\000e\000f\000e\000r\000e\000n\000c\000e}{chapter.5}% 184
\BOOKMARK [2][-]{subsection.5.5.1}{\376\377\0005\000.\0005\000.\0001\000\040\000D\000e\000t\000a\000i\000l\000e\000d\000\040\000D\000e\000s\000c\000r\000i\000p\000t\000i\000o\000n}{section.5.5}% 185
\BOOKMARK [2][-]{subsection.5.5.2}{\376\377\0005\000.\0005\000.\0002\000\040\000L\000I\000C\000E\000N\000S\000E}{section.5.5}% 186
\BOOKMARK [2][-]{subsection.5.5.3}{\376\377\0005\000.\0005\000.\0003\000\040\000D\000E\000S\000C\000R\000I\000P\000T\000I\000O\000N}{section.5.5}% 187
\BOOKMARK [2][-]{subsection.5.5.4}{\376\377\0005\000.\0005\000.\0004\000\040\000F\000u\000n\000c\000t\000i\000o\000n\000\040\000D\000o\000c\000u\000m\000e\000n\000t\000a\000t\000i\000o\000n}{section.5.5}% 188
\BOOKMARK [3][-]{subsubsection.5.5.4.1}{\376\377\0005\000.\0005\000.\0004\000.\0001\000\040\000q\000o\000c\000o\000\137\000v\000a\000l\000i\000d\000a\000t\000e\000\137\000d\000a\000t\000a\000\050\000\051}{subsection.5.5.4}% 189
\BOOKMARK [3][-]{subsubsection.5.5.4.2}{\376\377\0005\000.\0005\000.\0004\000.\0002\000\040\000q\000o\000c\000o\000\137\000v\000a\000l\000i\000d\000a\000t\000e\000\137\000s\000e\000t\000t\000i\000n\000g\000s\000\050\000\051}{subsection.5.5.4}% 190
\BOOKMARK [1][-]{section.5.6}{\376\377\0005\000.\0006\000\040\000/\000h\000o\000m\000e\000/\000g\000o\000v\000i\000n\000d\000/\000D\000e\000s\000k\000t\000o\000p\000/\000g\000i\000t\000/\000q\000o\000c\000o\000/\000i\000n\000c\000l\000u\000d\000e\000/\000k\000k\000t\000.\000h\000\040\000F\000i\000l\000e\000\040\000R\000e\000f\000e\000r\000e\000n\000c\000e}{chapter.5}% 191
\BOOKMARK [2][-]{subsection.5.6.1}{\376\377\0005\000.\0006\000.\0001\000\040\000D\000e\000t\000a\000i\000l\000e\000d\000\040\000D\000e\000s\000c\000r\000i\000p\000t\000i\000o\000n}{section.5.6}% 192
\BOOKMARK [2][-]{subsection.5.6.2}{\376\377\0005\000.\0006\000.\0002\000\040\000L\000I\000C\000E\000N\000S\000E}{section.5.6}% 193
\BOOKMARK [2][-]{subsection.5.6.3}{\376\377\0005\000.\0006\000.\0003\000\040\000D\000E\000S\000C\000R\000I\000P\000T\000I\000O\000N}{section.5.6}% 194
\BOOKMARK [2][-]{subsection.5.6.4}{\376\377\0005\000.\0006\000.\0004\000\040\000F\000u\000n\000c\000t\000i\000o\000n\000\040\000D\000o\000c\000u\000m\000e\000n\000t\000a\000t\000i\000o\000n}{section.5.6}% 195
\BOOKMARK [3][-]{subsubsection.5.6.4.1}{\376\377\0005\000.\0006\000.\0004\000.\0001\000\040\000a\000l\000l\000o\000c\000a\000t\000e\000\137\000k\000k\000t\000\050\000\051}{subsection.5.6.4}% 196
\BOOKMARK [3][-]{subsubsection.5.6.4.2}{\376\377\0005\000.\0006\000.\0004\000.\0002\000\040\000c\000o\000m\000p\000u\000t\000e\000\137\000k\000k\000t\000\137\000r\000e\000s\000i\000d\000u\000a\000l\000\050\000\051}{subsection.5.6.4}% 197
\BOOKMARK [3][-]{subsubsection.5.6.4.3}{\376\377\0005\000.\0006\000.\0004\000.\0003\000\040\000c\000o\000n\000s\000t\000r\000u\000c\000t\000\137\000k\000k\000t\000\050\000\051}{subsection.5.6.4}% 198
\BOOKMARK [3][-]{subsubsection.5.6.4.4}{\376\377\0005\000.\0006\000.\0004\000.\0004\000\040\000c\000o\000n\000s\000t\000r\000u\000c\000t\000\137\000k\000k\000t\000\137\000a\000f\000f\000\137\000r\000h\000s\000\050\000\051}{subsection.5.6.4}% 199
\BOOKMARK [3][-]{subsubsection.5.6.4.5}{\376\377\0005\000.\0006\000.\0004\000.\0005\000\040\000c\000o\000n\000s\000t\000r\000u\000c\000t\000\137\000k\000k\000t\000\137\000c\000o\000m\000b\000\137\000r\000h\000s\000\050\000\051}{subsection.5.6.4}% 200
\BOOKMARK [3][-]{subsubsection.5.6.4.6}{\376\377\0005\000.\0006\000.\0004\000.\0006\000\040\000i\000n\000i\000t\000i\000a\000l\000i\000z\000e\000\137\000i\000p\000m\000\050\000\051}{subsection.5.6.4}% 201
\BOOKMARK [3][-]{subsubsection.5.6.4.7}{\376\377\0005\000.\0006\000.\0004\000.\0007\000\040\000k\000k\000t\000\137\000m\000u\000l\000t\000i\000p\000l\000y\000\050\000\051}{subsection.5.6.4}% 202
\BOOKMARK [3][-]{subsubsection.5.6.4.8}{\376\377\0005\000.\0006\000.\0004\000.\0008\000\040\000k\000k\000t\000\137\000s\000o\000l\000v\000e\000\050\000\051}{subsection.5.6.4}% 203
\BOOKMARK [3][-]{subsubsection.5.6.4.9}{\376\377\0005\000.\0006\000.\0004\000.\0009\000\040\000p\000r\000e\000d\000i\000c\000t\000o\000r\000\137\000c\000o\000r\000r\000e\000c\000t\000o\000r\000\050\000\051}{subsection.5.6.4}% 204
\BOOKMARK [3][-]{subsubsection.5.6.4.10}{\376\377\0005\000.\0006\000.\0004\000.\0001\0000\000\040\000s\000e\000t\000\137\000n\000t\000\137\000b\000l\000o\000c\000k\000\137\000z\000e\000r\000o\000s\000\050\000\051}{subsection.5.6.4}% 205
\BOOKMARK [3][-]{subsubsection.5.6.4.11}{\376\377\0005\000.\0006\000.\0004\000.\0001\0001\000\040\000u\000p\000d\000a\000t\000e\000\137\000n\000t\000\137\000b\000l\000o\000c\000k\000\050\000\051}{subsection.5.6.4}% 206
\BOOKMARK [1][-]{section.5.7}{\376\377\0005\000.\0007\000\040\000/\000h\000o\000m\000e\000/\000g\000o\000v\000i\000n\000d\000/\000D\000e\000s\000k\000t\000o\000p\000/\000g\000i\000t\000/\000q\000o\000c\000o\000/\000i\000n\000c\000l\000u\000d\000e\000/\000l\000i\000n\000a\000l\000g\000.\000h\000\040\000F\000i\000l\000e\000\040\000R\000e\000f\000e\000r\000e\000n\000c\000e}{chapter.5}% 207
\BOOKMARK [2][-]{subsection.5.7.1}{\376\377\0005\000.\0007\000.\0001\000\040\000D\000e\000t\000a\000i\000l\000e\000d\000\040\000D\000e\000s\000c\000r\000i\000p\000t\000i\000o\000n}{section.5.7}% 208
\BOOKMARK [2][-]{subsection.5.7.2}{\376\377\0005\000.\0007\000.\0002\000\040\000L\000I\000C\000E\000N\000S\000E}{section.5.7}% 209
\BOOKMARK [2][-]{subsection.5.7.3}{\376\377\0005\000.\0007\000.\0003\000\040\000D\000E\000S\000C\000R\000I\000P\000T\000I\000O\000N}{section.5.7}% 210
\BOOKMARK [2][-]{subsection.5.7.4}{\376\377\0005\000.\0007\000.\0004\000\040\000F\000u\000n\000c\000t\000i\000o\000n\000\040\000D\000o\000c\000u\000m\000e\000n\000t\000a\000t\000i\000o\000n}{section.5.7}% 211
\BOOKMARK [3][-]{subsubsection.5.7.4.1}{\376\377\0005\000.\0007\000.\0004\000.\0001\000\040\000a\000x\000p\000y\000\050\000\051}{subsection.5.7.4}% 212
\BOOKMARK [3][-]{subsubsection.5.7.4.2}{\376\377\0005\000.\0007\000.\0004\000.\0002\000\040\000c\000o\000l\000\137\000i\000n\000f\000\137\000n\000o\000r\000m\000\137\000U\000S\000y\000m\000m\000\050\000\051}{subsection.5.7.4}% 213
\BOOKMARK [3][-]{subsubsection.5.7.4.3}{\376\377\0005\000.\0007\000.\0004\000.\0003\000\040\000c\000o\000n\000s\000t\000r\000u\000c\000t\000\137\000i\000d\000e\000n\000t\000i\000t\000y\000\050\000\051}{subsection.5.7.4}% 214
\BOOKMARK [3][-]{subsubsection.5.7.4.4}{\376\377\0005\000.\0007\000.\0004\000.\0004\000\040\000c\000o\000p\000y\000\137\000a\000n\000d\000\137\000n\000e\000g\000a\000t\000e\000\137\000a\000r\000r\000a\000y\000f\000\050\000\051}{subsection.5.7.4}% 215
\BOOKMARK [3][-]{subsubsection.5.7.4.5}{\376\377\0005\000.\0007\000.\0004\000.\0005\000\040\000c\000o\000p\000y\000\137\000a\000r\000r\000a\000y\000f\000\050\000\051}{subsection.5.7.4}% 216
\BOOKMARK [3][-]{subsubsection.5.7.4.6}{\376\377\0005\000.\0007\000.\0004\000.\0006\000\040\000c\000o\000p\000y\000\137\000a\000r\000r\000a\000y\000i\000\050\000\051}{subsection.5.7.4}% 217
\BOOKMARK [3][-]{subsubsection.5.7.4.7}{\376\377\0005\000.\0007\000.\0004\000.\0007\000\040\000c\000r\000e\000a\000t\000e\000\137\000t\000r\000a\000n\000s\000p\000o\000s\000e\000d\000\137\000m\000a\000t\000r\000i\000x\000\050\000\051}{subsection.5.7.4}% 218
\BOOKMARK [3][-]{subsubsection.5.7.4.8}{\376\377\0005\000.\0007\000.\0004\000.\0008\000\040\000c\000s\000c\000\137\000s\000y\000m\000p\000e\000r\000m\000\050\000\051}{subsection.5.7.4}% 219
\BOOKMARK [3][-]{subsubsection.5.7.4.9}{\376\377\0005\000.\0007\000.\0004\000.\0009\000\040\000c\000u\000m\000s\000u\000m\000\050\000\051}{subsection.5.7.4}% 220
\BOOKMARK [3][-]{subsubsection.5.7.4.10}{\376\377\0005\000.\0007\000.\0004\000.\0001\0000\000\040\000d\000o\000t\000\050\000\051}{subsection.5.7.4}% 221
\BOOKMARK [3][-]{subsubsection.5.7.4.11}{\376\377\0005\000.\0007\000.\0004\000.\0001\0001\000\040\000e\000w\000\137\000p\000r\000o\000d\000u\000c\000t\000\050\000\051}{subsection.5.7.4}% 222
\BOOKMARK [3][-]{subsubsection.5.7.4.12}{\376\377\0005\000.\0007\000.\0004\000.\0001\0002\000\040\000f\000r\000e\000e\000\137\000q\000o\000c\000o\000\137\000c\000s\000c\000\137\000m\000a\000t\000r\000i\000x\000\050\000\051}{subsection.5.7.4}% 223
\BOOKMARK [3][-]{subsubsection.5.7.4.13}{\376\377\0005\000.\0007\000.\0004\000.\0001\0003\000\040\000i\000n\000f\000\137\000n\000o\000r\000m\000\050\000\051}{subsection.5.7.4}% 224
\BOOKMARK [3][-]{subsubsection.5.7.4.14}{\376\377\0005\000.\0007\000.\0004\000.\0001\0004\000\040\000i\000n\000v\000e\000r\000t\000\137\000p\000e\000r\000m\000u\000t\000a\000t\000i\000o\000n\000\050\000\051}{subsection.5.7.4}% 225
\BOOKMARK [3][-]{subsubsection.5.7.4.15}{\376\377\0005\000.\0007\000.\0004\000.\0001\0005\000\040\000m\000a\000x\000\137\000a\000r\000r\000a\000y\000i\000\050\000\051}{subsection.5.7.4}% 226
\BOOKMARK [3][-]{subsubsection.5.7.4.16}{\376\377\0005\000.\0007\000.\0004\000.\0001\0006\000\040\000n\000e\000w\000\137\000q\000o\000c\000o\000\137\000c\000s\000c\000\137\000m\000a\000t\000r\000i\000x\000\050\000\051}{subsection.5.7.4}% 227
\BOOKMARK [3][-]{subsubsection.5.7.4.17}{\376\377\0005\000.\0007\000.\0004\000.\0001\0007\000\040\000r\000e\000g\000u\000l\000a\000r\000i\000z\000e\000\050\000\051}{subsection.5.7.4}% 228
\BOOKMARK [3][-]{subsubsection.5.7.4.18}{\376\377\0005\000.\0007\000.\0004\000.\0001\0008\000\040\000r\000o\000w\000\137\000c\000o\000l\000\137\000s\000c\000a\000l\000e\000\050\000\051}{subsection.5.7.4}% 229
\BOOKMARK [3][-]{subsubsection.5.7.4.19}{\376\377\0005\000.\0007\000.\0004\000.\0001\0009\000\040\000r\000o\000w\000\137\000i\000n\000f\000\137\000n\000o\000r\000m\000\050\000\051}{subsection.5.7.4}% 230
\BOOKMARK [3][-]{subsubsection.5.7.4.20}{\376\377\0005\000.\0007\000.\0004\000.\0002\0000\000\040\000s\000c\000a\000l\000e\000\137\000a\000r\000r\000a\000y\000f\000\050\000\051}{subsection.5.7.4}% 231
\BOOKMARK [3][-]{subsubsection.5.7.4.21}{\376\377\0005\000.\0007\000.\0004\000.\0002\0001\000\040\000S\000p\000M\000t\000v\000\050\000\051}{subsection.5.7.4}% 232
\BOOKMARK [3][-]{subsubsection.5.7.4.22}{\376\377\0005\000.\0007\000.\0004\000.\0002\0002\000\040\000S\000p\000M\000v\000\050\000\051}{subsection.5.7.4}% 233
\BOOKMARK [3][-]{subsubsection.5.7.4.23}{\376\377\0005\000.\0007\000.\0004\000.\0002\0003\000\040\000u\000n\000r\000e\000g\000u\000l\000a\000r\000i\000z\000e\000\050\000\051}{subsection.5.7.4}% 234
\BOOKMARK [3][-]{subsubsection.5.7.4.24}{\376\377\0005\000.\0007\000.\0004\000.\0002\0004\000\040\000U\000S\000p\000M\000v\000\050\000\051}{subsection.5.7.4}% 235
\BOOKMARK [1][-]{section.5.8}{\376\377\0005\000.\0008\000\040\000/\000h\000o\000m\000e\000/\000g\000o\000v\000i\000n\000d\000/\000D\000e\000s\000k\000t\000o\000p\000/\000g\000i\000t\000/\000q\000o\000c\000o\000/\000i\000n\000c\000l\000u\000d\000e\000/\000q\000o\000c\000o\000.\000h\000\040\000F\000i\000l\000e\000\040\000R\000e\000f\000e\000r\000e\000n\000c\000e}{chapter.5}% 236
\BOOKMARK [2][-]{subsection.5.8.1}{\376\377\0005\000.\0008\000.\0001\000\040\000D\000e\000t\000a\000i\000l\000e\000d\000\040\000D\000e\000s\000c\000r\000i\000p\000t\000i\000o\000n}{section.5.8}% 237
\BOOKMARK [2][-]{subsection.5.8.2}{\376\377\0005\000.\0008\000.\0002\000\040\000L\000I\000C\000E\000N\000S\000E}{section.5.8}% 238
\BOOKMARK [2][-]{subsection.5.8.3}{\376\377\0005\000.\0008\000.\0003\000\040\000D\000E\000S\000C\000R\000I\000P\000T\000I\000O\000N}{section.5.8}% 239
\BOOKMARK [1][-]{section.5.9}{\376\377\0005\000.\0009\000\040\000/\000h\000o\000m\000e\000/\000g\000o\000v\000i\000n\000d\000/\000D\000e\000s\000k\000t\000o\000p\000/\000g\000i\000t\000/\000q\000o\000c\000o\000/\000i\000n\000c\000l\000u\000d\000e\000/\000q\000o\000c\000o\000\137\000a\000p\000i\000.\000h\000\040\000F\000i\000l\000e\000\040\000R\000e\000f\000e\000r\000e\000n\000c\000e}{chapter.5}% 240
\BOOKMARK [2][-]{subsection.5.9.1}{\376\377\0005\000.\0009\000.\0001\000\040\000D\000e\000t\000a\000i\000l\000e\000d\000\040\000D\000e\000s\000c\000r\000i\000p\000t\000i\000o\000n}{section.5.9}% 241
\BOOKMARK [2][-]{subsection.5.9.2}{\376\377\0005\000.\0009\000.\0002\000\040\000L\000I\000C\000E\000N\000S\000E}{section.5.9}% 242
\BOOKMARK [2][-]{subsection.5.9.3}{\376\377\0005\000.\0009\000.\0003\000\040\000D\000E\000S\000C\000R\000I\000P\000T\000I\000O\000N}{section.5.9}% 243
\BOOKMARK [2][-]{subsection.5.9.4}{\376\377\0005\000.\0009\000.\0004\000\040\000F\000u\000n\000c\000t\000i\000o\000n\000\040\000D\000o\000c\000u\000m\000e\000n\000t\000a\000t\000i\000o\000n}{section.5.9}% 244
\BOOKMARK [3][-]{subsubsection.5.9.4.1}{\376\377\0005\000.\0009\000.\0004\000.\0001\000\040\000q\000o\000c\000o\000\137\000c\000l\000e\000a\000n\000u\000p\000\050\000\051}{subsection.5.9.4}% 245
\BOOKMARK [3][-]{subsubsection.5.9.4.2}{\376\377\0005\000.\0009\000.\0004\000.\0002\000\040\000q\000o\000c\000o\000\137\000s\000e\000t\000\137\000c\000s\000c\000\050\000\051}{subsection.5.9.4}% 246
\BOOKMARK [3][-]{subsubsection.5.9.4.3}{\376\377\0005\000.\0009\000.\0004\000.\0003\000\040\000q\000o\000c\000o\000\137\000s\000e\000t\000u\000p\000\050\000\051}{subsection.5.9.4}% 247
\BOOKMARK [3][-]{subsubsection.5.9.4.4}{\376\377\0005\000.\0009\000.\0004\000.\0004\000\040\000q\000o\000c\000o\000\137\000s\000o\000l\000v\000e\000\050\000\051}{subsection.5.9.4}% 248
\BOOKMARK [3][-]{subsubsection.5.9.4.5}{\376\377\0005\000.\0009\000.\0004\000.\0005\000\040\000q\000o\000c\000o\000\137\000u\000p\000d\000a\000t\000e\000\137\000s\000e\000t\000t\000i\000n\000g\000s\000\050\000\051}{subsection.5.9.4}% 249
\BOOKMARK [3][-]{subsubsection.5.9.4.6}{\376\377\0005\000.\0009\000.\0004\000.\0006\000\040\000s\000e\000t\000\137\000d\000e\000f\000a\000u\000l\000t\000\137\000s\000e\000t\000t\000i\000n\000g\000s\000\050\000\051}{subsection.5.9.4}% 250
\BOOKMARK [3][-]{subsubsection.5.9.4.7}{\376\377\0005\000.\0009\000.\0004\000.\0007\000\040\000u\000p\000d\000a\000t\000e\000\137\000m\000a\000t\000r\000i\000x\000\137\000d\000a\000t\000a\000\050\000\051}{subsection.5.9.4}% 251
\BOOKMARK [3][-]{subsubsection.5.9.4.8}{\376\377\0005\000.\0009\000.\0004\000.\0008\000\040\000u\000p\000d\000a\000t\000e\000\137\000v\000e\000c\000t\000o\000r\000\137\000d\000a\000t\000a\000\050\000\051}{subsection.5.9.4}% 252
\BOOKMARK [1][-]{section.5.10}{\376\377\0005\000.\0001\0000\000\040\000/\000h\000o\000m\000e\000/\000g\000o\000v\000i\000n\000d\000/\000D\000e\000s\000k\000t\000o\000p\000/\000g\000i\000t\000/\000q\000o\000c\000o\000/\000i\000n\000c\000l\000u\000d\000e\000/\000q\000o\000c\000o\000\137\000e\000r\000r\000o\000r\000.\000h\000\040\000F\000i\000l\000e\000\040\000R\000e\000f\000e\000r\000e\000n\000c\000e}{chapter.5}% 253
\BOOKMARK [2][-]{subsection.5.10.1}{\376\377\0005\000.\0001\0000\000.\0001\000\040\000F\000u\000n\000c\000t\000i\000o\000n\000\040\000D\000o\000c\000u\000m\000e\000n\000t\000a\000t\000i\000o\000n}{section.5.10}% 254
\BOOKMARK [3][-]{subsubsection.5.10.1.1}{\376\377\0005\000.\0001\0000\000.\0001\000.\0001\000\040\000q\000o\000c\000o\000\137\000e\000r\000r\000o\000r\000\050\000\051}{subsection.5.10.1}% 255
\BOOKMARK [1][-]{section.5.11}{\376\377\0005\000.\0001\0001\000\040\000/\000h\000o\000m\000e\000/\000g\000o\000v\000i\000n\000d\000/\000D\000e\000s\000k\000t\000o\000p\000/\000g\000i\000t\000/\000q\000o\000c\000o\000/\000i\000n\000c\000l\000u\000d\000e\000/\000s\000t\000r\000u\000c\000t\000s\000.\000h\000\040\000F\000i\000l\000e\000\040\000R\000e\000f\000e\000r\000e\000n\000c\000e}{chapter.5}% 256
\BOOKMARK [2][-]{subsection.5.11.1}{\376\377\0005\000.\0001\0001\000.\0001\000\040\000D\000e\000t\000a\000i\000l\000e\000d\000\040\000D\000e\000s\000c\000r\000i\000p\000t\000i\000o\000n}{section.5.11}% 257
\BOOKMARK [2][-]{subsection.5.11.2}{\376\377\0005\000.\0001\0001\000.\0002\000\040\000L\000I\000C\000E\000N\000S\000E}{section.5.11}% 258
\BOOKMARK [2][-]{subsection.5.11.3}{\376\377\0005\000.\0001\0001\000.\0003\000\040\000D\000E\000S\000C\000R\000I\000P\000T\000I\000O\000N}{section.5.11}% 259
\BOOKMARK [1][-]{section.5.12}{\376\377\0005\000.\0001\0002\000\040\000/\000h\000o\000m\000e\000/\000g\000o\000v\000i\000n\000d\000/\000D\000e\000s\000k\000t\000o\000p\000/\000g\000i\000t\000/\000q\000o\000c\000o\000/\000i\000n\000c\000l\000u\000d\000e\000/\000t\000i\000m\000e\000r\000.\000h\000\040\000F\000i\000l\000e\000\040\000R\000e\000f\000e\000r\000e\000n\000c\000e}{chapter.5}% 260
\BOOKMARK [2][-]{subsection.5.12.1}{\376\377\0005\000.\0001\0002\000.\0001\000\040\000D\000e\000t\000a\000i\000l\000e\000d\000\040\000D\000e\000s\000c\000r\000i\000p\000t\000i\000o\000n}{section.5.12}% 261
\BOOKMARK [2][-]{subsection.5.12.2}{\376\377\0005\000.\0001\0002\000.\0002\000\040\000L\000I\000C\000E\000N\000S\000E}{section.5.12}% 262
\BOOKMARK [2][-]{subsection.5.12.3}{\376\377\0005\000.\0001\0002\000.\0003\000\040\000D\000E\000S\000C\000R\000I\000P\000T\000I\000O\000N}{section.5.12}% 263
\BOOKMARK [2][-]{subsection.5.12.4}{\376\377\0005\000.\0001\0002\000.\0004\000\040\000F\000u\000n\000c\000t\000i\000o\000n\000\040\000D\000o\000c\000u\000m\000e\000n\000t\000a\000t\000i\000o\000n}{section.5.12}% 264
\BOOKMARK [3][-]{subsubsection.5.12.4.1}{\376\377\0005\000.\0001\0002\000.\0004\000.\0001\000\040\000g\000e\000t\000\137\000e\000l\000a\000p\000s\000e\000d\000\137\000t\000i\000m\000e\000\137\000s\000e\000c\000\050\000\051}{subsection.5.12.4}% 265
\BOOKMARK [3][-]{subsubsection.5.12.4.2}{\376\377\0005\000.\0001\0002\000.\0004\000.\0002\000\040\000s\000t\000a\000r\000t\000\137\000t\000i\000m\000e\000r\000\050\000\051}{subsection.5.12.4}% 266
\BOOKMARK [3][-]{subsubsection.5.12.4.3}{\376\377\0005\000.\0001\0002\000.\0004\000.\0003\000\040\000s\000t\000o\000p\000\137\000t\000i\000m\000e\000r\000\050\000\051}{subsection.5.12.4}% 267
\BOOKMARK [1][-]{section.5.13}{\376\377\0005\000.\0001\0003\000\040\000/\000h\000o\000m\000e\000/\000g\000o\000v\000i\000n\000d\000/\000D\000e\000s\000k\000t\000o\000p\000/\000g\000i\000t\000/\000q\000o\000c\000o\000/\000i\000n\000c\000l\000u\000d\000e\000/\000u\000t\000i\000l\000s\000.\000h\000\040\000F\000i\000l\000e\000\040\000R\000e\000f\000e\000r\000e\000n\000c\000e}{chapter.5}% 268
\BOOKMARK [2][-]{subsection.5.13.1}{\376\377\0005\000.\0001\0003\000.\0001\000\040\000D\000e\000t\000a\000i\000l\000e\000d\000\040\000D\000e\000s\000c\000r\000i\000p\000t\000i\000o\000n}{section.5.13}% 269
\BOOKMARK [2][-]{subsection.5.13.2}{\376\377\0005\000.\0001\0003\000.\0002\000\040\000L\000I\000C\000E\000N\000S\000E}{section.5.13}% 270
\BOOKMARK [2][-]{subsection.5.13.3}{\376\377\0005\000.\0001\0003\000.\0003\000\040\000D\000E\000S\000C\000R\000I\000P\000T\000I\000O\000N}{section.5.13}% 271
\BOOKMARK [2][-]{subsection.5.13.4}{\376\377\0005\000.\0001\0003\000.\0004\000\040\000F\000u\000n\000c\000t\000i\000o\000n\000\040\000D\000o\000c\000u\000m\000e\000n\000t\000a\000t\000i\000o\000n}{section.5.13}% 272
\BOOKMARK [3][-]{subsubsection.5.13.4.1}{\376\377\0005\000.\0001\0003\000.\0004\000.\0001\000\040\000c\000h\000e\000c\000k\000\137\000s\000t\000o\000p\000p\000i\000n\000g\000\050\000\051}{subsection.5.13.4}% 273
\BOOKMARK [3][-]{subsubsection.5.13.4.2}{\376\377\0005\000.\0001\0003\000.\0004\000.\0002\000\040\000c\000o\000p\000y\000\137\000s\000e\000t\000t\000i\000n\000g\000s\000\050\000\051}{subsection.5.13.4}% 274
\BOOKMARK [3][-]{subsubsection.5.13.4.3}{\376\377\0005\000.\0001\0003\000.\0004\000.\0003\000\040\000c\000o\000p\000y\000\137\000s\000o\000l\000u\000t\000i\000o\000n\000\050\000\051}{subsection.5.13.4}% 275
\BOOKMARK [3][-]{subsubsection.5.13.4.4}{\376\377\0005\000.\0001\0003\000.\0004\000.\0004\000\040\000l\000o\000g\000\137\000i\000t\000e\000r\000\050\000\051}{subsection.5.13.4}% 276
\BOOKMARK [3][-]{subsubsection.5.13.4.5}{\376\377\0005\000.\0001\0003\000.\0004\000.\0005\000\040\000p\000r\000i\000n\000t\000\137\000a\000r\000r\000a\000y\000f\000\050\000\051}{subsection.5.13.4}% 277
\BOOKMARK [3][-]{subsubsection.5.13.4.6}{\376\377\0005\000.\0001\0003\000.\0004\000.\0006\000\040\000p\000r\000i\000n\000t\000\137\000a\000r\000r\000a\000y\000i\000\050\000\051}{subsection.5.13.4}% 278
\BOOKMARK [3][-]{subsubsection.5.13.4.7}{\376\377\0005\000.\0001\0003\000.\0004\000.\0007\000\040\000p\000r\000i\000n\000t\000\137\000f\000o\000o\000t\000e\000r\000\050\000\051}{subsection.5.13.4}% 279
\BOOKMARK [3][-]{subsubsection.5.13.4.8}{\376\377\0005\000.\0001\0003\000.\0004\000.\0008\000\040\000p\000r\000i\000n\000t\000\137\000h\000e\000a\000d\000e\000r\000\050\000\051}{subsection.5.13.4}% 280
\BOOKMARK [3][-]{subsubsection.5.13.4.9}{\376\377\0005\000.\0001\0003\000.\0004\000.\0009\000\040\000p\000r\000i\000n\000t\000\137\000q\000o\000c\000o\000\137\000c\000s\000c\000\137\000m\000a\000t\000r\000i\000x\000\050\000\051}{subsection.5.13.4}% 281
\BOOKMARK [1][-]{section.5.14}{\376\377\0005\000.\0001\0004\000\040\000/\000h\000o\000m\000e\000/\000g\000o\000v\000i\000n\000d\000/\000D\000e\000s\000k\000t\000o\000p\000/\000g\000i\000t\000/\000q\000o\000c\000o\000/\000s\000r\000c\000/\000c\000o\000n\000e\000.\000c\000\040\000F\000i\000l\000e\000\040\000R\000e\000f\000e\000r\000e\000n\000c\000e}{chapter.5}% 282
\BOOKMARK [2][-]{subsection.5.14.1}{\376\377\0005\000.\0001\0004\000.\0001\000\040\000D\000e\000t\000a\000i\000l\000e\000d\000\040\000D\000e\000s\000c\000r\000i\000p\000t\000i\000o\000n}{section.5.14}% 283
\BOOKMARK [2][-]{subsection.5.14.2}{\376\377\0005\000.\0001\0004\000.\0002\000\040\000L\000I\000C\000E\000N\000S\000E}{section.5.14}% 284
\BOOKMARK [2][-]{subsection.5.14.3}{\376\377\0005\000.\0001\0004\000.\0003\000\040\000F\000u\000n\000c\000t\000i\000o\000n\000\040\000D\000o\000c\000u\000m\000e\000n\000t\000a\000t\000i\000o\000n}{section.5.14}% 285
\BOOKMARK [3][-]{subsubsection.5.14.3.1}{\376\377\0005\000.\0001\0004\000.\0003\000.\0001\000\040\000b\000i\000s\000e\000c\000t\000i\000o\000n\000\137\000s\000e\000a\000r\000c\000h\000\050\000\051}{subsection.5.14.3}% 286
\BOOKMARK [3][-]{subsubsection.5.14.3.2}{\376\377\0005\000.\0001\0004\000.\0003\000.\0002\000\040\000b\000r\000i\000n\000g\0002\000c\000o\000n\000e\000\050\000\051}{subsection.5.14.3}% 287
\BOOKMARK [3][-]{subsubsection.5.14.3.3}{\376\377\0005\000.\0001\0004\000.\0003\000.\0003\000\040\000c\000o\000m\000p\000u\000t\000e\000\137\000c\000e\000n\000t\000e\000r\000i\000n\000g\000\050\000\051}{subsection.5.14.3}% 288
\BOOKMARK [3][-]{subsubsection.5.14.3.4}{\376\377\0005\000.\0001\0004\000.\0003\000.\0004\000\040\000c\000o\000m\000p\000u\000t\000e\000\137\000m\000u\000\050\000\051}{subsection.5.14.3}% 289
\BOOKMARK [3][-]{subsubsection.5.14.3.5}{\376\377\0005\000.\0001\0004\000.\0003\000.\0005\000\040\000c\000o\000m\000p\000u\000t\000e\000\137\000n\000t\000\137\000s\000c\000a\000l\000i\000n\000g\000\050\000\051}{subsection.5.14.3}% 290
\BOOKMARK [3][-]{subsubsection.5.14.3.6}{\376\377\0005\000.\0001\0004\000.\0003\000.\0006\000\040\000c\000o\000n\000e\000\137\000d\000i\000v\000i\000s\000i\000o\000n\000\050\000\051}{subsection.5.14.3}% 291
\BOOKMARK [3][-]{subsubsection.5.14.3.7}{\376\377\0005\000.\0001\0004\000.\0003\000.\0007\000\040\000c\000o\000n\000e\000\137\000p\000r\000o\000d\000u\000c\000t\000\050\000\051}{subsection.5.14.3}% 292
\BOOKMARK [3][-]{subsubsection.5.14.3.8}{\376\377\0005\000.\0001\0004\000.\0003\000.\0008\000\040\000c\000o\000n\000e\000\137\000r\000e\000s\000i\000d\000u\000a\000l\000\050\000\051}{subsection.5.14.3}% 293
\BOOKMARK [3][-]{subsubsection.5.14.3.9}{\376\377\0005\000.\0001\0004\000.\0003\000.\0009\000\040\000e\000x\000a\000c\000t\000\137\000l\000i\000n\000e\000s\000e\000a\000r\000c\000h\000\050\000\051}{subsection.5.14.3}% 294
\BOOKMARK [3][-]{subsubsection.5.14.3.10}{\376\377\0005\000.\0001\0004\000.\0003\000.\0001\0000\000\040\000l\000i\000n\000e\000s\000e\000a\000r\000c\000h\000\050\000\051}{subsection.5.14.3}% 295
\BOOKMARK [3][-]{subsubsection.5.14.3.11}{\376\377\0005\000.\0001\0004\000.\0003\000.\0001\0001\000\040\000n\000t\000\137\000m\000u\000l\000t\000i\000p\000l\000y\000\050\000\051}{subsection.5.14.3}% 296
\BOOKMARK [3][-]{subsubsection.5.14.3.12}{\376\377\0005\000.\0001\0004\000.\0003\000.\0001\0002\000\040\000s\000o\000c\000\137\000d\000i\000v\000i\000s\000i\000o\000n\000\050\000\051}{subsection.5.14.3}% 297
\BOOKMARK [3][-]{subsubsection.5.14.3.13}{\376\377\0005\000.\0001\0004\000.\0003\000.\0001\0003\000\040\000s\000o\000c\000\137\000p\000r\000o\000d\000u\000c\000t\000\050\000\051}{subsection.5.14.3}% 298
\BOOKMARK [3][-]{subsubsection.5.14.3.14}{\376\377\0005\000.\0001\0004\000.\0003\000.\0001\0004\000\040\000s\000o\000c\000\137\000r\000e\000s\000i\000d\000u\000a\000l\000\050\000\051}{subsection.5.14.3}% 299
\BOOKMARK [3][-]{subsubsection.5.14.3.15}{\376\377\0005\000.\0001\0004\000.\0003\000.\0001\0005\000\040\000s\000o\000c\000\137\000r\000e\000s\000i\000d\000u\000a\000l\0002\000\050\000\051}{subsection.5.14.3}% 300
\BOOKMARK [1][-]{section.5.15}{\376\377\0005\000.\0001\0005\000\040\000/\000h\000o\000m\000e\000/\000g\000o\000v\000i\000n\000d\000/\000D\000e\000s\000k\000t\000o\000p\000/\000g\000i\000t\000/\000q\000o\000c\000o\000/\000s\000r\000c\000/\000e\000q\000u\000i\000l\000i\000b\000r\000a\000t\000i\000o\000n\000.\000c\000\040\000F\000i\000l\000e\000\040\000R\000e\000f\000e\000r\000e\000n\000c\000e}{chapter.5}% 301
\BOOKMARK [2][-]{subsection.5.15.1}{\376\377\0005\000.\0001\0005\000.\0001\000\040\000F\000u\000n\000c\000t\000i\000o\000n\000\040\000D\000o\000c\000u\000m\000e\000n\000t\000a\000t\000i\000o\000n}{section.5.15}% 302
\BOOKMARK [3][-]{subsubsection.5.15.1.1}{\376\377\0005\000.\0001\0005\000.\0001\000.\0001\000\040\000r\000u\000i\000z\000\137\000e\000q\000u\000i\000l\000i\000b\000r\000a\000t\000i\000o\000n\000\050\000\051}{subsection.5.15.1}% 303
\BOOKMARK [3][-]{subsubsection.5.15.1.2}{\376\377\0005\000.\0001\0005\000.\0001\000.\0002\000\040\000u\000n\000s\000c\000a\000l\000e\000\137\000v\000a\000r\000i\000a\000b\000l\000e\000s\000\050\000\051}{subsection.5.15.1}% 304
\BOOKMARK [1][-]{section.5.16}{\376\377\0005\000.\0001\0006\000\040\000/\000h\000o\000m\000e\000/\000g\000o\000v\000i\000n\000d\000/\000D\000e\000s\000k\000t\000o\000p\000/\000g\000i\000t\000/\000q\000o\000c\000o\000/\000s\000r\000c\000/\000i\000n\000p\000u\000t\000\137\000v\000a\000l\000i\000d\000a\000t\000i\000o\000n\000.\000c\000\040\000F\000i\000l\000e\000\040\000R\000e\000f\000e\000r\000e\000n\000c\000e}{chapter.5}% 305
\BOOKMARK [2][-]{subsection.5.16.1}{\376\377\0005\000.\0001\0006\000.\0001\000\040\000D\000e\000t\000a\000i\000l\000e\000d\000\040\000D\000e\000s\000c\000r\000i\000p\000t\000i\000o\000n}{section.5.16}% 306
\BOOKMARK [2][-]{subsection.5.16.2}{\376\377\0005\000.\0001\0006\000.\0002\000\040\000L\000I\000C\000E\000N\000S\000E}{section.5.16}% 307
\BOOKMARK [2][-]{subsection.5.16.3}{\376\377\0005\000.\0001\0006\000.\0003\000\040\000F\000u\000n\000c\000t\000i\000o\000n\000\040\000D\000o\000c\000u\000m\000e\000n\000t\000a\000t\000i\000o\000n}{section.5.16}% 308
\BOOKMARK [3][-]{subsubsection.5.16.3.1}{\376\377\0005\000.\0001\0006\000.\0003\000.\0001\000\040\000q\000o\000c\000o\000\137\000v\000a\000l\000i\000d\000a\000t\000e\000\137\000d\000a\000t\000a\000\050\000\051}{subsection.5.16.3}% 309
\BOOKMARK [3][-]{subsubsection.5.16.3.2}{\376\377\0005\000.\0001\0006\000.\0003\000.\0002\000\040\000q\000o\000c\000o\000\137\000v\000a\000l\000i\000d\000a\000t\000e\000\137\000s\000e\000t\000t\000i\000n\000g\000s\000\050\000\051}{subsection.5.16.3}% 310
\BOOKMARK [1][-]{section.5.17}{\376\377\0005\000.\0001\0007\000\040\000/\000h\000o\000m\000e\000/\000g\000o\000v\000i\000n\000d\000/\000D\000e\000s\000k\000t\000o\000p\000/\000g\000i\000t\000/\000q\000o\000c\000o\000/\000s\000r\000c\000/\000k\000k\000t\000.\000c\000\040\000F\000i\000l\000e\000\040\000R\000e\000f\000e\000r\000e\000n\000c\000e}{chapter.5}% 311
\BOOKMARK [2][-]{subsection.5.17.1}{\376\377\0005\000.\0001\0007\000.\0001\000\040\000D\000e\000t\000a\000i\000l\000e\000d\000\040\000D\000e\000s\000c\000r\000i\000p\000t\000i\000o\000n}{section.5.17}% 312
\BOOKMARK [2][-]{subsection.5.17.2}{\376\377\0005\000.\0001\0007\000.\0002\000\040\000L\000I\000C\000E\000N\000S\000E}{section.5.17}% 313
\BOOKMARK [2][-]{subsection.5.17.3}{\376\377\0005\000.\0001\0007\000.\0003\000\040\000F\000u\000n\000c\000t\000i\000o\000n\000\040\000D\000o\000c\000u\000m\000e\000n\000t\000a\000t\000i\000o\000n}{section.5.17}% 314
\BOOKMARK [3][-]{subsubsection.5.17.3.1}{\376\377\0005\000.\0001\0007\000.\0003\000.\0001\000\040\000a\000l\000l\000o\000c\000a\000t\000e\000\137\000k\000k\000t\000\050\000\051}{subsection.5.17.3}% 315
\BOOKMARK [3][-]{subsubsection.5.17.3.2}{\376\377\0005\000.\0001\0007\000.\0003\000.\0002\000\040\000c\000o\000m\000p\000u\000t\000e\000\137\000k\000k\000t\000\137\000r\000e\000s\000i\000d\000u\000a\000l\000\050\000\051}{subsection.5.17.3}% 316
\BOOKMARK [3][-]{subsubsection.5.17.3.3}{\376\377\0005\000.\0001\0007\000.\0003\000.\0003\000\040\000c\000o\000n\000s\000t\000r\000u\000c\000t\000\137\000k\000k\000t\000\050\000\051}{subsection.5.17.3}% 317
\BOOKMARK [3][-]{subsubsection.5.17.3.4}{\376\377\0005\000.\0001\0007\000.\0003\000.\0004\000\040\000c\000o\000n\000s\000t\000r\000u\000c\000t\000\137\000k\000k\000t\000\137\000a\000f\000f\000\137\000r\000h\000s\000\050\000\051}{subsection.5.17.3}% 318
\BOOKMARK [3][-]{subsubsection.5.17.3.5}{\376\377\0005\000.\0001\0007\000.\0003\000.\0005\000\040\000c\000o\000n\000s\000t\000r\000u\000c\000t\000\137\000k\000k\000t\000\137\000c\000o\000m\000b\000\137\000r\000h\000s\000\050\000\051}{subsection.5.17.3}% 319
\BOOKMARK [3][-]{subsubsection.5.17.3.6}{\376\377\0005\000.\0001\0007\000.\0003\000.\0006\000\040\000i\000n\000i\000t\000i\000a\000l\000i\000z\000e\000\137\000i\000p\000m\000\050\000\051}{subsection.5.17.3}% 320
\BOOKMARK [3][-]{subsubsection.5.17.3.7}{\376\377\0005\000.\0001\0007\000.\0003\000.\0007\000\040\000k\000k\000t\000\137\000m\000u\000l\000t\000i\000p\000l\000y\000\050\000\051}{subsection.5.17.3}% 321
\BOOKMARK [3][-]{subsubsection.5.17.3.8}{\376\377\0005\000.\0001\0007\000.\0003\000.\0008\000\040\000k\000k\000t\000\137\000s\000o\000l\000v\000e\000\050\000\051}{subsection.5.17.3}% 322
\BOOKMARK [3][-]{subsubsection.5.17.3.9}{\376\377\0005\000.\0001\0007\000.\0003\000.\0009\000\040\000p\000r\000e\000d\000i\000c\000t\000o\000r\000\137\000c\000o\000r\000r\000e\000c\000t\000o\000r\000\050\000\051}{subsection.5.17.3}% 323
\BOOKMARK [3][-]{subsubsection.5.17.3.10}{\376\377\0005\000.\0001\0007\000.\0003\000.\0001\0000\000\040\000s\000e\000t\000\137\000n\000t\000\137\000b\000l\000o\000c\000k\000\137\000z\000e\000r\000o\000s\000\050\000\051}{subsection.5.17.3}% 324
\BOOKMARK [3][-]{subsubsection.5.17.3.11}{\376\377\0005\000.\0001\0007\000.\0003\000.\0001\0001\000\040\000u\000p\000d\000a\000t\000e\000\137\000n\000t\000\137\000b\000l\000o\000c\000k\000\050\000\051}{subsection.5.17.3}% 325
\BOOKMARK [1][-]{section.5.18}{\376\377\0005\000.\0001\0008\000\040\000/\000h\000o\000m\000e\000/\000g\000o\000v\000i\000n\000d\000/\000D\000e\000s\000k\000t\000o\000p\000/\000g\000i\000t\000/\000q\000o\000c\000o\000/\000s\000r\000c\000/\000l\000i\000n\000a\000l\000g\000.\000c\000\040\000F\000i\000l\000e\000\040\000R\000e\000f\000e\000r\000e\000n\000c\000e}{chapter.5}% 326
\BOOKMARK [2][-]{subsection.5.18.1}{\376\377\0005\000.\0001\0008\000.\0001\000\040\000D\000e\000t\000a\000i\000l\000e\000d\000\040\000D\000e\000s\000c\000r\000i\000p\000t\000i\000o\000n}{section.5.18}% 327
\BOOKMARK [2][-]{subsection.5.18.2}{\376\377\0005\000.\0001\0008\000.\0002\000\040\000L\000I\000C\000E\000N\000S\000E}{section.5.18}% 328
\BOOKMARK [2][-]{subsection.5.18.3}{\376\377\0005\000.\0001\0008\000.\0003\000\040\000F\000u\000n\000c\000t\000i\000o\000n\000\040\000D\000o\000c\000u\000m\000e\000n\000t\000a\000t\000i\000o\000n}{section.5.18}% 329
\BOOKMARK [3][-]{subsubsection.5.18.3.1}{\376\377\0005\000.\0001\0008\000.\0003\000.\0001\000\040\000a\000x\000p\000y\000\050\000\051}{subsection.5.18.3}% 330
\BOOKMARK [3][-]{subsubsection.5.18.3.2}{\376\377\0005\000.\0001\0008\000.\0003\000.\0002\000\040\000c\000o\000l\000\137\000i\000n\000f\000\137\000n\000o\000r\000m\000\137\000U\000S\000y\000m\000m\000\050\000\051}{subsection.5.18.3}% 331
\BOOKMARK [3][-]{subsubsection.5.18.3.3}{\376\377\0005\000.\0001\0008\000.\0003\000.\0003\000\040\000c\000o\000n\000s\000t\000r\000u\000c\000t\000\137\000i\000d\000e\000n\000t\000i\000t\000y\000\050\000\051}{subsection.5.18.3}% 332
\BOOKMARK [3][-]{subsubsection.5.18.3.4}{\376\377\0005\000.\0001\0008\000.\0003\000.\0004\000\040\000c\000o\000p\000y\000\137\000a\000n\000d\000\137\000n\000e\000g\000a\000t\000e\000\137\000a\000r\000r\000a\000y\000f\000\050\000\051}{subsection.5.18.3}% 333
\BOOKMARK [3][-]{subsubsection.5.18.3.5}{\376\377\0005\000.\0001\0008\000.\0003\000.\0005\000\040\000c\000o\000p\000y\000\137\000a\000r\000r\000a\000y\000f\000\050\000\051}{subsection.5.18.3}% 334
\BOOKMARK [3][-]{subsubsection.5.18.3.6}{\376\377\0005\000.\0001\0008\000.\0003\000.\0006\000\040\000c\000o\000p\000y\000\137\000a\000r\000r\000a\000y\000i\000\050\000\051}{subsection.5.18.3}% 335
\BOOKMARK [3][-]{subsubsection.5.18.3.7}{\376\377\0005\000.\0001\0008\000.\0003\000.\0007\000\040\000c\000r\000e\000a\000t\000e\000\137\000t\000r\000a\000n\000s\000p\000o\000s\000e\000d\000\137\000m\000a\000t\000r\000i\000x\000\050\000\051}{subsection.5.18.3}% 336
\BOOKMARK [3][-]{subsubsection.5.18.3.8}{\376\377\0005\000.\0001\0008\000.\0003\000.\0008\000\040\000c\000s\000c\000\137\000s\000y\000m\000p\000e\000r\000m\000\050\000\051}{subsection.5.18.3}% 337
\BOOKMARK [3][-]{subsubsection.5.18.3.9}{\376\377\0005\000.\0001\0008\000.\0003\000.\0009\000\040\000c\000u\000m\000s\000u\000m\000\050\000\051}{subsection.5.18.3}% 338
\BOOKMARK [3][-]{subsubsection.5.18.3.10}{\376\377\0005\000.\0001\0008\000.\0003\000.\0001\0000\000\040\000d\000o\000t\000\050\000\051}{subsection.5.18.3}% 339
\BOOKMARK [3][-]{subsubsection.5.18.3.11}{\376\377\0005\000.\0001\0008\000.\0003\000.\0001\0001\000\040\000e\000w\000\137\000p\000r\000o\000d\000u\000c\000t\000\050\000\051}{subsection.5.18.3}% 340
\BOOKMARK [3][-]{subsubsection.5.18.3.12}{\376\377\0005\000.\0001\0008\000.\0003\000.\0001\0002\000\040\000f\000r\000e\000e\000\137\000q\000o\000c\000o\000\137\000c\000s\000c\000\137\000m\000a\000t\000r\000i\000x\000\050\000\051}{subsection.5.18.3}% 341
\BOOKMARK [3][-]{subsubsection.5.18.3.13}{\376\377\0005\000.\0001\0008\000.\0003\000.\0001\0003\000\040\000i\000n\000f\000\137\000n\000o\000r\000m\000\050\000\051}{subsection.5.18.3}% 342
\BOOKMARK [3][-]{subsubsection.5.18.3.14}{\376\377\0005\000.\0001\0008\000.\0003\000.\0001\0004\000\040\000i\000n\000v\000e\000r\000t\000\137\000p\000e\000r\000m\000u\000t\000a\000t\000i\000o\000n\000\050\000\051}{subsection.5.18.3}% 343
\BOOKMARK [3][-]{subsubsection.5.18.3.15}{\376\377\0005\000.\0001\0008\000.\0003\000.\0001\0005\000\040\000m\000a\000x\000\137\000a\000r\000r\000a\000y\000i\000\050\000\051}{subsection.5.18.3}% 344
\BOOKMARK [3][-]{subsubsection.5.18.3.16}{\376\377\0005\000.\0001\0008\000.\0003\000.\0001\0006\000\040\000n\000e\000w\000\137\000q\000o\000c\000o\000\137\000c\000s\000c\000\137\000m\000a\000t\000r\000i\000x\000\050\000\051}{subsection.5.18.3}% 345
\BOOKMARK [3][-]{subsubsection.5.18.3.17}{\376\377\0005\000.\0001\0008\000.\0003\000.\0001\0007\000\040\000r\000e\000g\000u\000l\000a\000r\000i\000z\000e\000\050\000\051}{subsection.5.18.3}% 346
\BOOKMARK [3][-]{subsubsection.5.18.3.18}{\376\377\0005\000.\0001\0008\000.\0003\000.\0001\0008\000\040\000r\000o\000w\000\137\000c\000o\000l\000\137\000s\000c\000a\000l\000e\000\050\000\051}{subsection.5.18.3}% 347
\BOOKMARK [3][-]{subsubsection.5.18.3.19}{\376\377\0005\000.\0001\0008\000.\0003\000.\0001\0009\000\040\000r\000o\000w\000\137\000i\000n\000f\000\137\000n\000o\000r\000m\000\050\000\051}{subsection.5.18.3}% 348
\BOOKMARK [3][-]{subsubsection.5.18.3.20}{\376\377\0005\000.\0001\0008\000.\0003\000.\0002\0000\000\040\000s\000c\000a\000l\000e\000\137\000a\000r\000r\000a\000y\000f\000\050\000\051}{subsection.5.18.3}% 349
\BOOKMARK [3][-]{subsubsection.5.18.3.21}{\376\377\0005\000.\0001\0008\000.\0003\000.\0002\0001\000\040\000S\000p\000M\000t\000v\000\050\000\051}{subsection.5.18.3}% 350
\BOOKMARK [3][-]{subsubsection.5.18.3.22}{\376\377\0005\000.\0001\0008\000.\0003\000.\0002\0002\000\040\000S\000p\000M\000v\000\050\000\051}{subsection.5.18.3}% 351
\BOOKMARK [3][-]{subsubsection.5.18.3.23}{\376\377\0005\000.\0001\0008\000.\0003\000.\0002\0003\000\040\000u\000n\000r\000e\000g\000u\000l\000a\000r\000i\000z\000e\000\050\000\051}{subsection.5.18.3}% 352
\BOOKMARK [3][-]{subsubsection.5.18.3.24}{\376\377\0005\000.\0001\0008\000.\0003\000.\0002\0004\000\040\000U\000S\000p\000M\000v\000\050\000\051}{subsection.5.18.3}% 353
\BOOKMARK [1][-]{section.5.19}{\376\377\0005\000.\0001\0009\000\040\000/\000h\000o\000m\000e\000/\000g\000o\000v\000i\000n\000d\000/\000D\000e\000s\000k\000t\000o\000p\000/\000g\000i\000t\000/\000q\000o\000c\000o\000/\000s\000r\000c\000/\000q\000o\000c\000o\000\137\000a\000p\000i\000.\000c\000\040\000F\000i\000l\000e\000\040\000R\000e\000f\000e\000r\000e\000n\000c\000e}{chapter.5}% 354
\BOOKMARK [2][-]{subsection.5.19.1}{\376\377\0005\000.\0001\0009\000.\0001\000\040\000D\000e\000t\000a\000i\000l\000e\000d\000\040\000D\000e\000s\000c\000r\000i\000p\000t\000i\000o\000n}{section.5.19}% 355
\BOOKMARK [2][-]{subsection.5.19.2}{\376\377\0005\000.\0001\0009\000.\0002\000\040\000L\000I\000C\000E\000N\000S\000E}{section.5.19}% 356
\BOOKMARK [2][-]{subsection.5.19.3}{\376\377\0005\000.\0001\0009\000.\0003\000\040\000F\000u\000n\000c\000t\000i\000o\000n\000\040\000D\000o\000c\000u\000m\000e\000n\000t\000a\000t\000i\000o\000n}{section.5.19}% 357
\BOOKMARK [3][-]{subsubsection.5.19.3.1}{\376\377\0005\000.\0001\0009\000.\0003\000.\0001\000\040\000q\000o\000c\000o\000\137\000c\000l\000e\000a\000n\000u\000p\000\050\000\051}{subsection.5.19.3}% 358
\BOOKMARK [3][-]{subsubsection.5.19.3.2}{\376\377\0005\000.\0001\0009\000.\0003\000.\0002\000\040\000q\000o\000c\000o\000\137\000s\000e\000t\000\137\000c\000s\000c\000\050\000\051}{subsection.5.19.3}% 359
\BOOKMARK [3][-]{subsubsection.5.19.3.3}{\376\377\0005\000.\0001\0009\000.\0003\000.\0003\000\040\000q\000o\000c\000o\000\137\000s\000e\000t\000u\000p\000\050\000\051}{subsection.5.19.3}% 360
\BOOKMARK [3][-]{subsubsection.5.19.3.4}{\376\377\0005\000.\0001\0009\000.\0003\000.\0004\000\040\000q\000o\000c\000o\000\137\000s\000o\000l\000v\000e\000\050\000\051}{subsection.5.19.3}% 361
\BOOKMARK [3][-]{subsubsection.5.19.3.5}{\376\377\0005\000.\0001\0009\000.\0003\000.\0005\000\040\000q\000o\000c\000o\000\137\000u\000p\000d\000a\000t\000e\000\137\000s\000e\000t\000t\000i\000n\000g\000s\000\050\000\051}{subsection.5.19.3}% 362
\BOOKMARK [3][-]{subsubsection.5.19.3.6}{\376\377\0005\000.\0001\0009\000.\0003\000.\0006\000\040\000s\000e\000t\000\137\000d\000e\000f\000a\000u\000l\000t\000\137\000s\000e\000t\000t\000i\000n\000g\000s\000\050\000\051}{subsection.5.19.3}% 363
\BOOKMARK [3][-]{subsubsection.5.19.3.7}{\376\377\0005\000.\0001\0009\000.\0003\000.\0007\000\040\000u\000p\000d\000a\000t\000e\000\137\000m\000a\000t\000r\000i\000x\000\137\000d\000a\000t\000a\000\050\000\051}{subsection.5.19.3}% 364
\BOOKMARK [3][-]{subsubsection.5.19.3.8}{\376\377\0005\000.\0001\0009\000.\0003\000.\0008\000\040\000u\000p\000d\000a\000t\000e\000\137\000v\000e\000c\000t\000o\000r\000\137\000d\000a\000t\000a\000\050\000\051}{subsection.5.19.3}% 365
\BOOKMARK [1][-]{section.5.20}{\376\377\0005\000.\0002\0000\000\040\000/\000h\000o\000m\000e\000/\000g\000o\000v\000i\000n\000d\000/\000D\000e\000s\000k\000t\000o\000p\000/\000g\000i\000t\000/\000q\000o\000c\000o\000/\000s\000r\000c\000/\000q\000o\000c\000o\000\137\000e\000r\000r\000o\000r\000.\000c\000\040\000F\000i\000l\000e\000\040\000R\000e\000f\000e\000r\000e\000n\000c\000e}{chapter.5}% 366
\BOOKMARK [2][-]{subsection.5.20.1}{\376\377\0005\000.\0002\0000\000.\0001\000\040\000F\000u\000n\000c\000t\000i\000o\000n\000\040\000D\000o\000c\000u\000m\000e\000n\000t\000a\000t\000i\000o\000n}{section.5.20}% 367
\BOOKMARK [3][-]{subsubsection.5.20.1.1}{\376\377\0005\000.\0002\0000\000.\0001\000.\0001\000\040\000q\000o\000c\000o\000\137\000e\000r\000r\000o\000r\000\050\000\051}{subsection.5.20.1}% 368
\BOOKMARK [1][-]{section.5.21}{\376\377\0005\000.\0002\0001\000\040\000/\000h\000o\000m\000e\000/\000g\000o\000v\000i\000n\000d\000/\000D\000e\000s\000k\000t\000o\000p\000/\000g\000i\000t\000/\000q\000o\000c\000o\000/\000s\000r\000c\000/\000t\000i\000m\000e\000r\000\137\000l\000i\000n\000u\000x\000.\000c\000\040\000F\000i\000l\000e\000\040\000R\000e\000f\000e\000r\000e\000n\000c\000e}{chapter.5}% 369
\BOOKMARK [2][-]{subsection.5.21.1}{\376\377\0005\000.\0002\0001\000.\0001\000\040\000F\000u\000n\000c\000t\000i\000o\000n\000\040\000D\000o\000c\000u\000m\000e\000n\000t\000a\000t\000i\000o\000n}{section.5.21}% 370
\BOOKMARK [3][-]{subsubsection.5.21.1.1}{\376\377\0005\000.\0002\0001\000.\0001\000.\0001\000\040\000g\000e\000t\000\137\000e\000l\000a\000p\000s\000e\000d\000\137\000t\000i\000m\000e\000\137\000s\000e\000c\000\050\000\051}{subsection.5.21.1}% 371
\BOOKMARK [3][-]{subsubsection.5.21.1.2}{\376\377\0005\000.\0002\0001\000.\0001\000.\0002\000\040\000s\000t\000a\000r\000t\000\137\000t\000i\000m\000e\000r\000\050\000\051}{subsection.5.21.1}% 372
\BOOKMARK [3][-]{subsubsection.5.21.1.3}{\376\377\0005\000.\0002\0001\000.\0001\000.\0003\000\040\000s\000t\000o\000p\000\137\000t\000i\000m\000e\000r\000\050\000\051}{subsection.5.21.1}% 373
\BOOKMARK [1][-]{section.5.22}{\376\377\0005\000.\0002\0002\000\040\000/\000h\000o\000m\000e\000/\000g\000o\000v\000i\000n\000d\000/\000D\000e\000s\000k\000t\000o\000p\000/\000g\000i\000t\000/\000q\000o\000c\000o\000/\000s\000r\000c\000/\000t\000i\000m\000e\000r\000\137\000m\000a\000c\000o\000s\000.\000c\000\040\000F\000i\000l\000e\000\040\000R\000e\000f\000e\000r\000e\000n\000c\000e}{chapter.5}% 374
\BOOKMARK [2][-]{subsection.5.22.1}{\376\377\0005\000.\0002\0002\000.\0001\000\040\000F\000u\000n\000c\000t\000i\000o\000n\000\040\000D\000o\000c\000u\000m\000e\000n\000t\000a\000t\000i\000o\000n}{section.5.22}% 375
\BOOKMARK [3][-]{subsubsection.5.22.1.1}{\376\377\0005\000.\0002\0002\000.\0001\000.\0001\000\040\000g\000e\000t\000\137\000e\000l\000a\000p\000s\000e\000d\000\137\000t\000i\000m\000e\000\137\000s\000e\000c\000\050\000\051}{subsection.5.22.1}% 376
\BOOKMARK [3][-]{subsubsection.5.22.1.2}{\376\377\0005\000.\0002\0002\000.\0001\000.\0002\000\040\000s\000t\000a\000r\000t\000\137\000t\000i\000m\000e\000r\000\050\000\051}{subsection.5.22.1}% 377
\BOOKMARK [3][-]{subsubsection.5.22.1.3}{\376\377\0005\000.\0002\0002\000.\0001\000.\0003\000\040\000s\000t\000o\000p\000\137\000t\000i\000m\000e\000r\000\050\000\051}{subsection.5.22.1}% 378
\BOOKMARK [1][-]{section.5.23}{\376\377\0005\000.\0002\0003\000\040\000/\000h\000o\000m\000e\000/\000g\000o\000v\000i\000n\000d\000/\000D\000e\000s\000k\000t\000o\000p\000/\000g\000i\000t\000/\000q\000o\000c\000o\000/\000s\000r\000c\000/\000u\000t\000i\000l\000s\000.\000c\000\040\000F\000i\000l\000e\000\040\000R\000e\000f\000e\000r\000e\000n\000c\000e}{chapter.5}% 379
\BOOKMARK [2][-]{subsection.5.23.1}{\376\377\0005\000.\0002\0003\000.\0001\000\040\000D\000e\000t\000a\000i\000l\000e\000d\000\040\000D\000e\000s\000c\000r\000i\000p\000t\000i\000o\000n}{section.5.23}% 380
\BOOKMARK [2][-]{subsection.5.23.2}{\376\377\0005\000.\0002\0003\000.\0002\000\040\000L\000I\000C\000E\000N\000S\000E}{section.5.23}% 381
\BOOKMARK [2][-]{subsection.5.23.3}{\376\377\0005\000.\0002\0003\000.\0003\000\040\000F\000u\000n\000c\000t\000i\000o\000n\000\040\000D\000o\000c\000u\000m\000e\000n\000t\000a\000t\000i\000o\000n}{section.5.23}% 382
\BOOKMARK [3][-]{subsubsection.5.23.3.1}{\376\377\0005\000.\0002\0003\000.\0003\000.\0001\000\040\000c\000h\000e\000c\000k\000\137\000s\000t\000o\000p\000p\000i\000n\000g\000\050\000\051}{subsection.5.23.3}% 383
\BOOKMARK [3][-]{subsubsection.5.23.3.2}{\376\377\0005\000.\0002\0003\000.\0003\000.\0002\000\040\000c\000o\000p\000y\000\137\000s\000e\000t\000t\000i\000n\000g\000s\000\050\000\051}{subsection.5.23.3}% 384
\BOOKMARK [3][-]{subsubsection.5.23.3.3}{\376\377\0005\000.\0002\0003\000.\0003\000.\0003\000\040\000c\000o\000p\000y\000\137\000s\000o\000l\000u\000t\000i\000o\000n\000\050\000\051}{subsection.5.23.3}% 385
\BOOKMARK [3][-]{subsubsection.5.23.3.4}{\376\377\0005\000.\0002\0003\000.\0003\000.\0004\000\040\000l\000o\000g\000\137\000i\000t\000e\000r\000\050\000\051}{subsection.5.23.3}% 386
\BOOKMARK [3][-]{subsubsection.5.23.3.5}{\376\377\0005\000.\0002\0003\000.\0003\000.\0005\000\040\000p\000r\000i\000n\000t\000\137\000a\000r\000r\000a\000y\000f\000\050\000\051}{subsection.5.23.3}% 387
\BOOKMARK [3][-]{subsubsection.5.23.3.6}{\376\377\0005\000.\0002\0003\000.\0003\000.\0006\000\040\000p\000r\000i\000n\000t\000\137\000a\000r\000r\000a\000y\000i\000\050\000\051}{subsection.5.23.3}% 388
\BOOKMARK [3][-]{subsubsection.5.23.3.7}{\376\377\0005\000.\0002\0003\000.\0003\000.\0007\000\040\000p\000r\000i\000n\000t\000\137\000f\000o\000o\000t\000e\000r\000\050\000\051}{subsection.5.23.3}% 389
\BOOKMARK [3][-]{subsubsection.5.23.3.8}{\376\377\0005\000.\0002\0003\000.\0003\000.\0008\000\040\000p\000r\000i\000n\000t\000\137\000h\000e\000a\000d\000e\000r\000\050\000\051}{subsection.5.23.3}% 390
\BOOKMARK [3][-]{subsubsection.5.23.3.9}{\376\377\0005\000.\0002\0003\000.\0003\000.\0009\000\040\000p\000r\000i\000n\000t\000\137\000q\000o\000c\000o\000\137\000c\000s\000c\000\137\000m\000a\000t\000r\000i\000x\000\050\000\051}{subsection.5.23.3}% 391
\BOOKMARK [0][-]{section*.69}{\376\377\000I\000n\000d\000e\000x}{}% 392
